[0.010s] Invoking command in '/home/an/Documents/turtlebot/turtlebot3_ws/build/turtlebot3_lime': CMAKE_PREFIX_PATH=/home/an/Documents/turtlebot/turtlebot3_ws/install/turtlebot3_lime_teleop:/home/an/Documents/turtlebot/turtlebot3_ws/install/turtlebot3_lime_moveit_config:/home/an/Documents/turtlebot/turtlebot3_ws/install/turtlebot3_lime_bringup:/home/an/Documents/turtlebot/turtlebot3_ws/install/turtlebot3_lime_navigation2:/home/an/Documents/turtlebot/turtlebot3_ws/install/turtlebot3_lime_hardware:/home/an/Documents/turtlebot/turtlebot3_ws/install/turtlebot3_lime_description:/home/an/Documents/turtlebot/turtlebot3_ws/install/turtlebot3_lime_cartographer:/home/an/Documents/turtlebot/turtlebot3_ws/install/turtlebot3_lime:/opt/ros/humble CONDA_PROMPT_MODIFIER=(base) /usr/bin/cmake --build /home/an/Documents/turtlebot/turtlebot3_ws/build/turtlebot3_lime -- -j24 -l24
[0.025s] -- Found ament_cmake: 1.3.10 (/opt/ros/humble/share/ament_cmake/cmake)
[0.110s] -- Override CMake install command with custom implementation using symlinks instead of copying resources
[0.179s] -- Configuring done
[0.181s] -- Generating done
[0.182s] -- Build files have been written to: /home/an/Documents/turtlebot/turtlebot3_ws/build/turtlebot3_lime
[0.195s] Invoked command in '/home/an/Documents/turtlebot/turtlebot3_ws/build/turtlebot3_lime' returned '0': CMAKE_PREFIX_PATH=/home/an/Documents/turtlebot/turtlebot3_ws/install/turtlebot3_lime_teleop:/home/an/Documents/turtlebot/turtlebot3_ws/install/turtlebot3_lime_moveit_config:/home/an/Documents/turtlebot/turtlebot3_ws/install/turtlebot3_lime_bringup:/home/an/Documents/turtlebot/turtlebot3_ws/install/turtlebot3_lime_navigation2:/home/an/Documents/turtlebot/turtlebot3_ws/install/turtlebot3_lime_hardware:/home/an/Documents/turtlebot/turtlebot3_ws/install/turtlebot3_lime_description:/home/an/Documents/turtlebot/turtlebot3_ws/install/turtlebot3_lime_cartographer:/home/an/Documents/turtlebot/turtlebot3_ws/install/turtlebot3_lime:/opt/ros/humble CONDA_PROMPT_MODIFIER=(base) /usr/bin/cmake --build /home/an/Documents/turtlebot/turtlebot3_ws/build/turtlebot3_lime -- -j24 -l24
[0.207s] Invoking command in '/home/an/Documents/turtlebot/turtlebot3_ws/build/turtlebot3_lime': CMAKE_PREFIX_PATH=/home/an/Documents/turtlebot/turtlebot3_ws/install/turtlebot3_lime_teleop:/home/an/Documents/turtlebot/turtlebot3_ws/install/turtlebot3_lime_moveit_config:/home/an/Documents/turtlebot/turtlebot3_ws/install/turtlebot3_lime_bringup:/home/an/Documents/turtlebot/turtlebot3_ws/install/turtlebot3_lime_navigation2:/home/an/Documents/turtlebot/turtlebot3_ws/install/turtlebot3_lime_hardware:/home/an/Documents/turtlebot/turtlebot3_ws/install/turtlebot3_lime_description:/home/an/Documents/turtlebot/turtlebot3_ws/install/turtlebot3_lime_cartographer:/home/an/Documents/turtlebot/turtlebot3_ws/install/turtlebot3_lime:/opt/ros/humble CONDA_PROMPT_MODIFIER=(base) /usr/bin/cmake --install /home/an/Documents/turtlebot/turtlebot3_ws/build/turtlebot3_lime
[0.211s] -- Install configuration: ""
[0.212s] -- Execute custom install script
[0.212s] -- Up-to-date symlink: /home/an/Documents/turtlebot/turtlebot3_ws/install/turtlebot3_lime/share/ament_index/resource_index/package_run_dependencies/turtlebot3_lime
[0.212s] -- Up-to-date symlink: /home/an/Documents/turtlebot/turtlebot3_ws/install/turtlebot3_lime/share/ament_index/resource_index/parent_prefix_path/turtlebot3_lime
[0.212s] -- Up-to-date symlink: /home/an/Documents/turtlebot/turtlebot3_ws/install/turtlebot3_lime/share/turtlebot3_lime/environment/ament_prefix_path.sh
[0.212s] -- Up-to-date symlink: /home/an/Documents/turtlebot/turtlebot3_ws/install/turtlebot3_lime/share/turtlebot3_lime/environment/ament_prefix_path.dsv
[0.212s] -- Up-to-date symlink: /home/an/Documents/turtlebot/turtlebot3_ws/install/turtlebot3_lime/share/turtlebot3_lime/environment/path.sh
[0.213s] -- Up-to-date symlink: /home/an/Documents/turtlebot/turtlebot3_ws/install/turtlebot3_lime/share/turtlebot3_lime/environment/path.dsv
[0.213s] -- Up-to-date symlink: /home/an/Documents/turtlebot/turtlebot3_ws/install/turtlebot3_lime/share/turtlebot3_lime/local_setup.bash
[0.213s] -- Up-to-date symlink: /home/an/Documents/turtlebot/turtlebot3_ws/install/turtlebot3_lime/share/turtlebot3_lime/local_setup.sh
[0.213s] -- Up-to-date symlink: /home/an/Documents/turtlebot/turtlebot3_ws/install/turtlebot3_lime/share/turtlebot3_lime/local_setup.zsh
[0.213s] -- Up-to-date symlink: /home/an/Documents/turtlebot/turtlebot3_ws/install/turtlebot3_lime/share/turtlebot3_lime/local_setup.dsv
[0.213s] -- Symlinking: /home/an/Documents/turtlebot/turtlebot3_ws/install/turtlebot3_lime/share/turtlebot3_lime/package.dsv
[0.218s] -- Up-to-date symlink: /home/an/Documents/turtlebot/turtlebot3_ws/install/turtlebot3_lime/share/ament_index/resource_index/packages/turtlebot3_lime
[0.218s] -- Up-to-date symlink: /home/an/Documents/turtlebot/turtlebot3_ws/install/turtlebot3_lime/share/turtlebot3_lime/cmake/turtlebot3_limeConfig.cmake
[0.218s] -- Up-to-date symlink: /home/an/Documents/turtlebot/turtlebot3_ws/install/turtlebot3_lime/share/turtlebot3_lime/cmake/turtlebot3_limeConfig-version.cmake
[0.218s] -- Up-to-date symlink: /home/an/Documents/turtlebot/turtlebot3_ws/install/turtlebot3_lime/share/turtlebot3_lime/package.xml
[0.219s] Invoked command in '/home/an/Documents/turtlebot/turtlebot3_ws/build/turtlebot3_lime' returned '0': CMAKE_PREFIX_PATH=/home/an/Documents/turtlebot/turtlebot3_ws/install/turtlebot3_lime_teleop:/home/an/Documents/turtlebot/turtlebot3_ws/install/turtlebot3_lime_moveit_config:/home/an/Documents/turtlebot/turtlebot3_ws/install/turtlebot3_lime_bringup:/home/an/Documents/turtlebot/turtlebot3_ws/install/turtlebot3_lime_navigation2:/home/an/Documents/turtlebot/turtlebot3_ws/install/turtlebot3_lime_hardware:/home/an/Documents/turtlebot/turtlebot3_ws/install/turtlebot3_lime_description:/home/an/Documents/turtlebot/turtlebot3_ws/install/turtlebot3_lime_cartographer:/home/an/Documents/turtlebot/turtlebot3_ws/install/turtlebot3_lime:/opt/ros/humble CONDA_PROMPT_MODIFIER=(base) /usr/bin/cmake --install /home/an/Documents/turtlebot/turtlebot3_ws/build/turtlebot3_lime
