[0.013s] Invoking command in '/home/an/Documents/turtlebot/turtlebot3_ws/build/turtlebot3_lime_cartographer': CMAKE_PREFIX_PATH=${CMAKE_PREFIX_PATH}:/opt/ros/humble CONDA_PROMPT_MODIFIER=(base) /usr/bin/cmake --build /home/an/Documents/turtlebot/turtlebot3_ws/build/turtlebot3_lime_cartographer -- -j24 -l24
[0.027s] -- Found ament_cmake: 1.3.10 (/opt/ros/humble/share/ament_cmake/cmake)
[0.112s] -- Override CMake install command with custom implementation using symlinks instead of copying resources
[0.185s] -- Configuring done
[0.188s] -- Generating done
[0.189s] -- Build files have been written to: /home/an/Documents/turtlebot/turtlebot3_ws/build/turtlebot3_lime_cartographer
[0.204s] Invoked command in '/home/an/Documents/turtlebot/turtlebot3_ws/build/turtlebot3_lime_cartographer' returned '0': CMAKE_PREFIX_PATH=${CMAKE_PREFIX_PATH}:/opt/ros/humble CONDA_PROMPT_MODIFIER=(base) /usr/bin/cmake --build /home/an/Documents/turtlebot/turtlebot3_ws/build/turtlebot3_lime_cartographer -- -j24 -l24
[0.224s] Invoking command in '/home/an/Documents/turtlebot/turtlebot3_ws/build/turtlebot3_lime_cartographer': CMAKE_PREFIX_PATH=${CMAKE_PREFIX_PATH}:/opt/ros/humble CONDA_PROMPT_MODIFIER=(base) /usr/bin/cmake --install /home/an/Documents/turtlebot/turtlebot3_ws/build/turtlebot3_lime_cartographer
[0.229s] -- Install configuration: ""
[0.229s] -- Execute custom install script
[0.229s] -- Up-to-date symlink: /home/an/Documents/turtlebot/turtlebot3_ws/install/turtlebot3_lime_cartographer/share/turtlebot3_lime_cartographer/config/turtlebot3_2d.lua
[0.230s] -- Up-to-date symlink: /home/an/Documents/turtlebot/turtlebot3_ws/install/turtlebot3_lime_cartographer/share/turtlebot3_lime_cartographer/launch/cartographer.launch.py
[0.230s] -- Up-to-date symlink: /home/an/Documents/turtlebot/turtlebot3_ws/install/turtlebot3_lime_cartographer/share/turtlebot3_lime_cartographer/launch/rviz2.launch.py
[0.230s] -- Up-to-date symlink: /home/an/Documents/turtlebot/turtlebot3_ws/install/turtlebot3_lime_cartographer/share/turtlebot3_lime_cartographer/rviz/cartographer.rviz
[0.230s] -- Up-to-date symlink: /home/an/Documents/turtlebot/turtlebot3_ws/install/turtlebot3_lime_cartographer/share/ament_index/resource_index/package_run_dependencies/turtlebot3_lime_cartographer
[0.230s] -- Up-to-date symlink: /home/an/Documents/turtlebot/turtlebot3_ws/install/turtlebot3_lime_cartographer/share/ament_index/resource_index/parent_prefix_path/turtlebot3_lime_cartographer
[0.230s] -- Up-to-date symlink: /home/an/Documents/turtlebot/turtlebot3_ws/install/turtlebot3_lime_cartographer/share/turtlebot3_lime_cartographer/environment/ament_prefix_path.sh
[0.230s] -- Up-to-date symlink: /home/an/Documents/turtlebot/turtlebot3_ws/install/turtlebot3_lime_cartographer/share/turtlebot3_lime_cartographer/environment/ament_prefix_path.dsv
[0.230s] -- Up-to-date symlink: /home/an/Documents/turtlebot/turtlebot3_ws/install/turtlebot3_lime_cartographer/share/turtlebot3_lime_cartographer/environment/path.sh
[0.230s] -- Up-to-date symlink: /home/an/Documents/turtlebot/turtlebot3_ws/install/turtlebot3_lime_cartographer/share/turtlebot3_lime_cartographer/environment/path.dsv
[0.230s] -- Up-to-date symlink: /home/an/Documents/turtlebot/turtlebot3_ws/install/turtlebot3_lime_cartographer/share/turtlebot3_lime_cartographer/local_setup.bash
[0.230s] -- Up-to-date symlink: /home/an/Documents/turtlebot/turtlebot3_ws/install/turtlebot3_lime_cartographer/share/turtlebot3_lime_cartographer/local_setup.sh
[0.230s] -- Up-to-date symlink: /home/an/Documents/turtlebot/turtlebot3_ws/install/turtlebot3_lime_cartographer/share/turtlebot3_lime_cartographer/local_setup.zsh
[0.230s] -- Up-to-date symlink: /home/an/Documents/turtlebot/turtlebot3_ws/install/turtlebot3_lime_cartographer/share/turtlebot3_lime_cartographer/local_setup.dsv
[0.231s] -- Symlinking: /home/an/Documents/turtlebot/turtlebot3_ws/install/turtlebot3_lime_cartographer/share/turtlebot3_lime_cartographer/package.dsv
[0.236s] -- Up-to-date symlink: /home/an/Documents/turtlebot/turtlebot3_ws/install/turtlebot3_lime_cartographer/share/ament_index/resource_index/packages/turtlebot3_lime_cartographer
[0.236s] -- Up-to-date symlink: /home/an/Documents/turtlebot/turtlebot3_ws/install/turtlebot3_lime_cartographer/share/turtlebot3_lime_cartographer/cmake/turtlebot3_lime_cartographerConfig.cmake
[0.236s] -- Up-to-date symlink: /home/an/Documents/turtlebot/turtlebot3_ws/install/turtlebot3_lime_cartographer/share/turtlebot3_lime_cartographer/cmake/turtlebot3_lime_cartographerConfig-version.cmake
[0.236s] -- Up-to-date symlink: /home/an/Documents/turtlebot/turtlebot3_ws/install/turtlebot3_lime_cartographer/share/turtlebot3_lime_cartographer/package.xml
[0.239s] Invoked command in '/home/an/Documents/turtlebot/turtlebot3_ws/build/turtlebot3_lime_cartographer' returned '0': CMAKE_PREFIX_PATH=${CMAKE_PREFIX_PATH}:/opt/ros/humble CONDA_PROMPT_MODIFIER=(base) /usr/bin/cmake --install /home/an/Documents/turtlebot/turtlebot3_ws/build/turtlebot3_lime_cartographer
