[0.009s] Invoking command in '/home/an/Documents/turtlebot/turtlebot3_ws/build/turtlebot3_lime_navigation2': CMAKE_PREFIX_PATH=/opt/ros/humble CONDA_PROMPT_MODIFIER=(base) /usr/bin/cmake /home/an/Documents/turtlebot/turtlebot3_ws/src/turtlebot3_lime/turtlebot3_lime_navigation2 -DAMENT_CMAKE_SYMLINK_INSTALL=1 -DCMAKE_INSTALL_PREFIX=/home/an/Documents/turtlebot/turtlebot3_ws/install/turtlebot3_lime_navigation2
[0.040s] -- The C compiler identification is GNU 11.4.0
[0.078s] -- The CXX compiler identification is GNU 11.4.0
[0.084s] -- Detecting C compiler ABI info
[0.130s] -- Detecting C compiler ABI info - done
[0.135s] -- Check for working C compiler: /usr/bin/cc - skipped
[0.135s] -- Detecting C compile features
[0.136s] -- Detecting C compile features - done
[0.138s] -- Detecting CXX compiler ABI info
[0.193s] -- Detecting CXX compiler ABI info - done
[0.202s] -- Check for working CXX compiler: /usr/bin/c++ - skipped
[0.203s] -- Detecting CXX compile features
[0.203s] -- Detecting CXX compile features - done
[0.206s] -- Found ament_cmake: 1.3.9 (/opt/ros/humble/share/ament_cmake/cmake)
[0.455s] -- Found Python3: /home/an/miniconda3/bin/python3 (found version "3.11.4") found components: Interpreter 
[0.503s] -- Override CMake install command with custom implementation using symlinks instead of copying resources
[0.537s] Traceback (most recent call last):
[0.537s]   File "/opt/ros/humble/share/ament_cmake_core/cmake/core/package_xml_2_cmake.py", line 22, in <module>
[0.537s]     from catkin_pkg.package import parse_package_string
[0.537s] ModuleNotFoundError: No module named 'catkin_pkg'
[0.539s] [31mCMake Error at /opt/ros/humble/share/ament_cmake_core/cmake/core/ament_package_xml.cmake:95 (message):
[0.540s]   execute_process(/home/an/miniconda3/bin/python3
[0.540s]   /opt/ros/humble/share/ament_cmake_core/cmake/core/package_xml_2_cmake.py
[0.540s]   /home/an/Documents/turtlebot/turtlebot3_ws/src/turtlebot3_lime/turtlebot3_lime_navigation2/package.xml
[0.540s]   /home/an/Documents/turtlebot/turtlebot3_ws/build/turtlebot3_lime_navigation2/ament_cmake_core/package.cmake)
[0.540s]   returned error code 1
[0.541s] Call Stack (most recent call first):
[0.541s]   /opt/ros/humble/share/ament_cmake_core/cmake/core/ament_package_xml.cmake:49 (_ament_package_xml)
[0.542s]   /opt/ros/humble/share/ament_cmake_core/cmake/core/ament_package.cmake:63 (ament_package_xml)
[0.542s]   CMakeLists.txt:23 (ament_package)
[0.543s] 
[0.543s] [0m
[0.543s] -- Configuring incomplete, errors occurred!
[0.544s] See also "/home/an/Documents/turtlebot/turtlebot3_ws/build/turtlebot3_lime_navigation2/CMakeFiles/CMakeOutput.log".
[0.545s] Invoked command in '/home/an/Documents/turtlebot/turtlebot3_ws/build/turtlebot3_lime_navigation2' returned '1': CMAKE_PREFIX_PATH=/opt/ros/humble CONDA_PROMPT_MODIFIER=(base) /usr/bin/cmake /home/an/Documents/turtlebot/turtlebot3_ws/src/turtlebot3_lime/turtlebot3_lime_navigation2 -DAMENT_CMAKE_SYMLINK_INSTALL=1 -DCMAKE_INSTALL_PREFIX=/home/an/Documents/turtlebot/turtlebot3_ws/install/turtlebot3_lime_navigation2
