[0.015s] Invoking command in '/home/an/Documents/turtlebot/turtlebot3_ws/build/turtlebot3_lime_description': CMAKE_PREFIX_PATH=${CMAKE_PREFIX_PATH}:/opt/ros/humble CONDA_PROMPT_MODIFIER=(base) /usr/bin/cmake --build /home/an/Documents/turtlebot/turtlebot3_ws/build/turtlebot3_lime_description -- -j24 -l24
[0.029s] -- Found ament_cmake: 1.3.10 (/opt/ros/humble/share/ament_cmake/cmake)
[0.111s] -- Override CMake install command with custom implementation using symlinks instead of copying resources
[0.188s] -- Configuring done
[0.192s] -- Generating done
[0.193s] -- Build files have been written to: /home/an/Documents/turtlebot/turtlebot3_ws/build/turtlebot3_lime_description
[0.207s] Invoked command in '/home/an/Documents/turtlebot/turtlebot3_ws/build/turtlebot3_lime_description' returned '0': CMAKE_PREFIX_PATH=${CMAKE_PREFIX_PATH}:/opt/ros/humble CONDA_PROMPT_MODIFIER=(base) /usr/bin/cmake --build /home/an/Documents/turtlebot/turtlebot3_ws/build/turtlebot3_lime_description -- -j24 -l24
[0.229s] Invoking command in '/home/an/Documents/turtlebot/turtlebot3_ws/build/turtlebot3_lime_description': CMAKE_PREFIX_PATH=${CMAKE_PREFIX_PATH}:/opt/ros/humble CONDA_PROMPT_MODIFIER=(base) /usr/bin/cmake --install /home/an/Documents/turtlebot/turtlebot3_ws/build/turtlebot3_lime_description
[0.233s] -- Install configuration: ""
[0.233s] -- Execute custom install script
[0.234s] -- Up-to-date symlink: /home/an/Documents/turtlebot/turtlebot3_ws/install/turtlebot3_lime_description/share/turtlebot3_lime_description/launch/model.launch.py
[0.234s] -- Up-to-date symlink: /home/an/Documents/turtlebot/turtlebot3_ws/install/turtlebot3_lime_description/share/turtlebot3_lime_description/rviz/model.rviz
[0.234s] -- Up-to-date symlink: /home/an/Documents/turtlebot/turtlebot3_ws/install/turtlebot3_lime_description/share/turtlebot3_lime_description/urdf/open_manipulator_sara.urdf.xacro
[0.234s] -- Up-to-date symlink: /home/an/Documents/turtlebot/turtlebot3_ws/install/turtlebot3_lime_description/share/turtlebot3_lime_description/urdf/turtlebot3_bigwheel_orin.urdf.xacro
[0.234s] -- Symlinking: /home/an/Documents/turtlebot/turtlebot3_ws/install/turtlebot3_lime_description/share/turtlebot3_lime_description/urdf/turtlebot3_lime.urdf
[0.239s] -- Up-to-date symlink: /home/an/Documents/turtlebot/turtlebot3_ws/install/turtlebot3_lime_description/share/turtlebot3_lime_description/urdf/turtlebot3_lime.urdf.xacro
[0.240s] -- Up-to-date symlink: /home/an/Documents/turtlebot/turtlebot3_ws/install/turtlebot3_lime_description/share/turtlebot3_lime_description/gazebo/materials.xacro
[0.240s] -- Up-to-date symlink: /home/an/Documents/turtlebot/turtlebot3_ws/install/turtlebot3_lime_description/share/turtlebot3_lime_description/gazebo/open_manipulator_sara.gazebo.xacro
[0.240s] -- Up-to-date symlink: /home/an/Documents/turtlebot/turtlebot3_ws/install/turtlebot3_lime_description/share/turtlebot3_lime_description/gazebo/turtlebot3_bigwheel_orin.gazebo.xacro
[0.240s] -- Up-to-date symlink: /home/an/Documents/turtlebot/turtlebot3_ws/install/turtlebot3_lime_description/share/turtlebot3_lime_description/meshes/open_manipulator_sara/gripper_left_palm.stl
[0.241s] -- Up-to-date symlink: /home/an/Documents/turtlebot/turtlebot3_ws/install/turtlebot3_lime_description/share/turtlebot3_lime_description/meshes/open_manipulator_sara/gripper_right_palm.stl
[0.242s] -- Up-to-date symlink: /home/an/Documents/turtlebot/turtlebot3_ws/install/turtlebot3_lime_description/share/turtlebot3_lime_description/meshes/open_manipulator_sara/link1.stl
[0.242s] -- Up-to-date symlink: /home/an/Documents/turtlebot/turtlebot3_ws/install/turtlebot3_lime_description/share/turtlebot3_lime_description/meshes/open_manipulator_sara/link2.stl
[0.242s] -- Up-to-date symlink: /home/an/Documents/turtlebot/turtlebot3_ws/install/turtlebot3_lime_description/share/turtlebot3_lime_description/meshes/open_manipulator_sara/link3.stl
[0.243s] -- Up-to-date symlink: /home/an/Documents/turtlebot/turtlebot3_ws/install/turtlebot3_lime_description/share/turtlebot3_lime_description/meshes/open_manipulator_sara/link4.stl
[0.243s] -- Up-to-date symlink: /home/an/Documents/turtlebot/turtlebot3_ws/install/turtlebot3_lime_description/share/turtlebot3_lime_description/meshes/open_manipulator_sara/link5.stl
[0.243s] -- Up-to-date symlink: /home/an/Documents/turtlebot/turtlebot3_ws/install/turtlebot3_lime_description/share/turtlebot3_lime_description/meshes/open_manipulator_sara/link6.stl
[0.244s] -- Up-to-date symlink: /home/an/Documents/turtlebot/turtlebot3_ws/install/turtlebot3_lime_description/share/turtlebot3_lime_description/meshes/open_manipulator_sara/link7.stl
[0.244s] -- Up-to-date symlink: /home/an/Documents/turtlebot/turtlebot3_ws/install/turtlebot3_lime_description/share/turtlebot3_lime_description/meshes/turtlebot3_bigwheel_orin/base.stl
[0.244s] -- Up-to-date symlink: /home/an/Documents/turtlebot/turtlebot3_ws/install/turtlebot3_lime_description/share/turtlebot3_lime_description/meshes/turtlebot3_bigwheel_orin/ladar.stl
[0.244s] -- Up-to-date symlink: /home/an/Documents/turtlebot/turtlebot3_ws/install/turtlebot3_lime_description/share/turtlebot3_lime_description/meshes/turtlebot3_bigwheel_orin/left_tire.stl
[0.244s] -- Up-to-date symlink: /home/an/Documents/turtlebot/turtlebot3_ws/install/turtlebot3_lime_description/share/turtlebot3_lime_description/meshes/turtlebot3_bigwheel_orin/right_tire.stl
[0.244s] -- Up-to-date symlink: /home/an/Documents/turtlebot/turtlebot3_ws/install/turtlebot3_lime_description/share/turtlebot3_lime_description/meshes/turtlebot3_bigwheel_orin/tire.stl
[0.245s] -- Up-to-date symlink: /home/an/Documents/turtlebot/turtlebot3_ws/install/turtlebot3_lime_description/share/turtlebot3_lime_description/ros2_control/turtlebot3_lime_system.ros2_control.xacro
[0.245s] -- Up-to-date symlink: /home/an/Documents/turtlebot/turtlebot3_ws/install/turtlebot3_lime_description/share/turtlebot3_lime_description/environment/turtlebot3_lime_description.dsv
[0.245s] -- Up-to-date symlink: /home/an/Documents/turtlebot/turtlebot3_ws/install/turtlebot3_lime_description/share/ament_index/resource_index/package_run_dependencies/turtlebot3_lime_description
[0.245s] -- Up-to-date symlink: /home/an/Documents/turtlebot/turtlebot3_ws/install/turtlebot3_lime_description/share/ament_index/resource_index/parent_prefix_path/turtlebot3_lime_description
[0.245s] -- Up-to-date symlink: /home/an/Documents/turtlebot/turtlebot3_ws/install/turtlebot3_lime_description/share/turtlebot3_lime_description/environment/ament_prefix_path.sh
[0.246s] -- Up-to-date symlink: /home/an/Documents/turtlebot/turtlebot3_ws/install/turtlebot3_lime_description/share/turtlebot3_lime_description/environment/ament_prefix_path.dsv
[0.246s] -- Up-to-date symlink: /home/an/Documents/turtlebot/turtlebot3_ws/install/turtlebot3_lime_description/share/turtlebot3_lime_description/environment/path.sh
[0.246s] -- Up-to-date symlink: /home/an/Documents/turtlebot/turtlebot3_ws/install/turtlebot3_lime_description/share/turtlebot3_lime_description/environment/path.dsv
[0.246s] -- Up-to-date symlink: /home/an/Documents/turtlebot/turtlebot3_ws/install/turtlebot3_lime_description/share/turtlebot3_lime_description/local_setup.bash
[0.246s] -- Up-to-date symlink: /home/an/Documents/turtlebot/turtlebot3_ws/install/turtlebot3_lime_description/share/turtlebot3_lime_description/local_setup.sh
[0.247s] -- Up-to-date symlink: /home/an/Documents/turtlebot/turtlebot3_ws/install/turtlebot3_lime_description/share/turtlebot3_lime_description/local_setup.zsh
[0.247s] -- Up-to-date symlink: /home/an/Documents/turtlebot/turtlebot3_ws/install/turtlebot3_lime_description/share/turtlebot3_lime_description/local_setup.dsv
[0.247s] -- Symlinking: /home/an/Documents/turtlebot/turtlebot3_ws/install/turtlebot3_lime_description/share/turtlebot3_lime_description/package.dsv
[0.251s] -- Up-to-date symlink: /home/an/Documents/turtlebot/turtlebot3_ws/install/turtlebot3_lime_description/share/ament_index/resource_index/packages/turtlebot3_lime_description
[0.252s] -- Up-to-date symlink: /home/an/Documents/turtlebot/turtlebot3_ws/install/turtlebot3_lime_description/share/turtlebot3_lime_description/cmake/turtlebot3_lime_descriptionConfig.cmake
[0.253s] -- Up-to-date symlink: /home/an/Documents/turtlebot/turtlebot3_ws/install/turtlebot3_lime_description/share/turtlebot3_lime_description/cmake/turtlebot3_lime_descriptionConfig-version.cmake
[0.254s] -- Up-to-date symlink: /home/an/Documents/turtlebot/turtlebot3_ws/install/turtlebot3_lime_description/share/turtlebot3_lime_description/package.xml
[0.261s] Invoked command in '/home/an/Documents/turtlebot/turtlebot3_ws/build/turtlebot3_lime_description' returned '0': CMAKE_PREFIX_PATH=${CMAKE_PREFIX_PATH}:/opt/ros/humble CONDA_PROMPT_MODIFIER=(base) /usr/bin/cmake --install /home/an/Documents/turtlebot/turtlebot3_ws/build/turtlebot3_lime_description
