[0.009s] Invoking command in '/home/an/Documents/turtlebot/turtlebot3_ws/build/turtlebot3_lime_navigation2': CMAKE_PREFIX_PATH=/opt/ros/humble CONDA_PROMPT_MODIFIER=(base) /usr/bin/cmake /home/an/Documents/turtlebot/turtlebot3_ws/src/turtlebot3_lime/turtlebot3_lime_navigation2 -DAMENT_CMAKE_SYMLINK_INSTALL=1 -DCMAKE_INSTALL_PREFIX=/home/an/Documents/turtlebot/turtlebot3_ws/install/turtlebot3_lime_navigation2
[0.015s] -- Found ament_cmake: 1.3.9 (/opt/ros/humble/share/ament_cmake/cmake)
[0.098s] -- Override CMake install command with custom implementation using symlinks instead of copying resources
[0.168s] -- Configuring done
[0.169s] -- Generating done
[0.170s] -- Build files have been written to: /home/an/Documents/turtlebot/turtlebot3_ws/build/turtlebot3_lime_navigation2
[0.172s] Invoked command in '/home/an/Documents/turtlebot/turtlebot3_ws/build/turtlebot3_lime_navigation2' returned '0': CMAKE_PREFIX_PATH=/opt/ros/humble CONDA_PROMPT_MODIFIER=(base) /usr/bin/cmake /home/an/Documents/turtlebot/turtlebot3_ws/src/turtlebot3_lime/turtlebot3_lime_navigation2 -DAMENT_CMAKE_SYMLINK_INSTALL=1 -DCMAKE_INSTALL_PREFIX=/home/an/Documents/turtlebot/turtlebot3_ws/install/turtlebot3_lime_navigation2
[0.173s] Invoking command in '/home/an/Documents/turtlebot/turtlebot3_ws/build/turtlebot3_lime_navigation2': CMAKE_PREFIX_PATH=/opt/ros/humble CONDA_PROMPT_MODIFIER=(base) /usr/bin/cmake --build /home/an/Documents/turtlebot/turtlebot3_ws/build/turtlebot3_lime_navigation2 -- -j24 -l24
[0.194s] Invoked command in '/home/an/Documents/turtlebot/turtlebot3_ws/build/turtlebot3_lime_navigation2' returned '0': CMAKE_PREFIX_PATH=/opt/ros/humble CONDA_PROMPT_MODIFIER=(base) /usr/bin/cmake --build /home/an/Documents/turtlebot/turtlebot3_ws/build/turtlebot3_lime_navigation2 -- -j24 -l24
[0.209s] Invoking command in '/home/an/Documents/turtlebot/turtlebot3_ws/build/turtlebot3_lime_navigation2': CMAKE_PREFIX_PATH=/opt/ros/humble CONDA_PROMPT_MODIFIER=(base) /usr/bin/cmake --install /home/an/Documents/turtlebot/turtlebot3_ws/build/turtlebot3_lime_navigation2
[0.213s] -- Install configuration: ""
[0.213s] -- Execute custom install script
[0.214s] -- Symlinking: /home/an/Documents/turtlebot/turtlebot3_ws/install/turtlebot3_lime_navigation2/share/turtlebot3_lime_navigation2/launch/navigation2.launch.py
[0.218s] -- Symlinking: /home/an/Documents/turtlebot/turtlebot3_ws/install/turtlebot3_lime_navigation2/share/turtlebot3_lime_navigation2/launch/navigation2_use_sim_time.launch.py
[0.223s] -- Symlinking: /home/an/Documents/turtlebot/turtlebot3_ws/install/turtlebot3_lime_navigation2/share/turtlebot3_lime_navigation2/map/turtlebot3_world.pgm
[0.228s] -- Symlinking: /home/an/Documents/turtlebot/turtlebot3_ws/install/turtlebot3_lime_navigation2/share/turtlebot3_lime_navigation2/map/turtlebot3_world.yaml
[0.232s] -- Symlinking: /home/an/Documents/turtlebot/turtlebot3_ws/install/turtlebot3_lime_navigation2/share/turtlebot3_lime_navigation2/param/turtlebot3.yaml
[0.237s] -- Symlinking: /home/an/Documents/turtlebot/turtlebot3_ws/install/turtlebot3_lime_navigation2/share/turtlebot3_lime_navigation2/param/turtlebot3_use_sim_time.yaml
[0.242s] -- Symlinking: /home/an/Documents/turtlebot/turtlebot3_ws/install/turtlebot3_lime_navigation2/share/turtlebot3_lime_navigation2/rviz/navigation2.rviz
[0.247s] -- Symlinking: /home/an/Documents/turtlebot/turtlebot3_ws/install/turtlebot3_lime_navigation2/share/ament_index/resource_index/package_run_dependencies/turtlebot3_lime_navigation2
[0.252s] -- Symlinking: /home/an/Documents/turtlebot/turtlebot3_ws/install/turtlebot3_lime_navigation2/share/ament_index/resource_index/parent_prefix_path/turtlebot3_lime_navigation2
[0.257s] -- Symlinking: /home/an/Documents/turtlebot/turtlebot3_ws/install/turtlebot3_lime_navigation2/share/turtlebot3_lime_navigation2/environment/ament_prefix_path.sh
[0.263s] -- Symlinking: /home/an/Documents/turtlebot/turtlebot3_ws/install/turtlebot3_lime_navigation2/share/turtlebot3_lime_navigation2/environment/ament_prefix_path.dsv
[0.268s] -- Symlinking: /home/an/Documents/turtlebot/turtlebot3_ws/install/turtlebot3_lime_navigation2/share/turtlebot3_lime_navigation2/environment/path.sh
[0.273s] -- Symlinking: /home/an/Documents/turtlebot/turtlebot3_ws/install/turtlebot3_lime_navigation2/share/turtlebot3_lime_navigation2/environment/path.dsv
[0.278s] -- Symlinking: /home/an/Documents/turtlebot/turtlebot3_ws/install/turtlebot3_lime_navigation2/share/turtlebot3_lime_navigation2/local_setup.bash
[0.284s] -- Symlinking: /home/an/Documents/turtlebot/turtlebot3_ws/install/turtlebot3_lime_navigation2/share/turtlebot3_lime_navigation2/local_setup.sh
[0.290s] -- Symlinking: /home/an/Documents/turtlebot/turtlebot3_ws/install/turtlebot3_lime_navigation2/share/turtlebot3_lime_navigation2/local_setup.zsh
[0.295s] -- Symlinking: /home/an/Documents/turtlebot/turtlebot3_ws/install/turtlebot3_lime_navigation2/share/turtlebot3_lime_navigation2/local_setup.dsv
[0.301s] -- Symlinking: /home/an/Documents/turtlebot/turtlebot3_ws/install/turtlebot3_lime_navigation2/share/turtlebot3_lime_navigation2/package.dsv
[0.306s] -- Symlinking: /home/an/Documents/turtlebot/turtlebot3_ws/install/turtlebot3_lime_navigation2/share/ament_index/resource_index/packages/turtlebot3_lime_navigation2
[0.311s] -- Symlinking: /home/an/Documents/turtlebot/turtlebot3_ws/install/turtlebot3_lime_navigation2/share/turtlebot3_lime_navigation2/cmake/turtlebot3_lime_navigation2Config.cmake
[0.316s] -- Symlinking: /home/an/Documents/turtlebot/turtlebot3_ws/install/turtlebot3_lime_navigation2/share/turtlebot3_lime_navigation2/cmake/turtlebot3_lime_navigation2Config-version.cmake
[0.322s] -- Symlinking: /home/an/Documents/turtlebot/turtlebot3_ws/install/turtlebot3_lime_navigation2/share/turtlebot3_lime_navigation2/package.xml
[0.329s] Invoked command in '/home/an/Documents/turtlebot/turtlebot3_ws/build/turtlebot3_lime_navigation2' returned '0': CMAKE_PREFIX_PATH=/opt/ros/humble CONDA_PROMPT_MODIFIER=(base) /usr/bin/cmake --install /home/an/Documents/turtlebot/turtlebot3_ws/build/turtlebot3_lime_navigation2
