[0.014s] Invoking command in '/home/an/Documents/turtlebot/turtlebot3_ws/build/turtlebot3_lime_navigation2': CMAKE_PREFIX_PATH=${CMAKE_PREFIX_PATH}:/opt/ros/humble CONDA_PROMPT_MODIFIER=(base) /usr/bin/cmake --build /home/an/Documents/turtlebot/turtlebot3_ws/build/turtlebot3_lime_navigation2 -- -j24 -l24
[0.026s] -- Found ament_cmake: 1.3.10 (/opt/ros/humble/share/ament_cmake/cmake)
[0.109s] -- Override CMake install command with custom implementation using symlinks instead of copying resources
[0.179s] -- Configuring done
[0.181s] -- Generating done
[0.182s] -- Build files have been written to: /home/an/Documents/turtlebot/turtlebot3_ws/build/turtlebot3_lime_navigation2
[0.196s] Invoked command in '/home/an/Documents/turtlebot/turtlebot3_ws/build/turtlebot3_lime_navigation2' returned '0': CMAKE_PREFIX_PATH=${CMAKE_PREFIX_PATH}:/opt/ros/humble CONDA_PROMPT_MODIFIER=(base) /usr/bin/cmake --build /home/an/Documents/turtlebot/turtlebot3_ws/build/turtlebot3_lime_navigation2 -- -j24 -l24
[0.217s] Invoking command in '/home/an/Documents/turtlebot/turtlebot3_ws/build/turtlebot3_lime_navigation2': CMAKE_PREFIX_PATH=${CMAKE_PREFIX_PATH}:/opt/ros/humble CONDA_PROMPT_MODIFIER=(base) /usr/bin/cmake --install /home/an/Documents/turtlebot/turtlebot3_ws/build/turtlebot3_lime_navigation2
[0.221s] -- Install configuration: ""
[0.222s] -- Execute custom install script
[0.222s] -- Up-to-date symlink: /home/an/Documents/turtlebot/turtlebot3_ws/install/turtlebot3_lime_navigation2/share/turtlebot3_lime_navigation2/launch/navigation2.launch.py
[0.222s] -- Symlinking: /home/an/Documents/turtlebot/turtlebot3_ws/install/turtlebot3_lime_navigation2/share/turtlebot3_lime_navigation2/launch/navigation2_isaacsim.launch.py
[0.227s] -- Up-to-date symlink: /home/an/Documents/turtlebot/turtlebot3_ws/install/turtlebot3_lime_navigation2/share/turtlebot3_lime_navigation2/launch/navigation2_use_sim_time.launch.py
[0.227s] -- Symlinking: /home/an/Documents/turtlebot/turtlebot3_ws/install/turtlebot3_lime_navigation2/share/turtlebot3_lime_navigation2/map/draft_lime.png
[0.234s] -- Symlinking: /home/an/Documents/turtlebot/turtlebot3_ws/install/turtlebot3_lime_navigation2/share/turtlebot3_lime_navigation2/map/draft_lime.yaml
[0.238s] -- Up-to-date symlink: /home/an/Documents/turtlebot/turtlebot3_ws/install/turtlebot3_lime_navigation2/share/turtlebot3_lime_navigation2/map/turtlebot3_world.pgm
[0.239s] -- Up-to-date symlink: /home/an/Documents/turtlebot/turtlebot3_ws/install/turtlebot3_lime_navigation2/share/turtlebot3_lime_navigation2/map/turtlebot3_world.yaml
[0.239s] -- Up-to-date symlink: /home/an/Documents/turtlebot/turtlebot3_ws/install/turtlebot3_lime_navigation2/share/turtlebot3_lime_navigation2/param/turtlebot3.yaml
[0.239s] -- Up-to-date symlink: /home/an/Documents/turtlebot/turtlebot3_ws/install/turtlebot3_lime_navigation2/share/turtlebot3_lime_navigation2/param/turtlebot3_use_sim_time.yaml
[0.240s] -- Up-to-date symlink: /home/an/Documents/turtlebot/turtlebot3_ws/install/turtlebot3_lime_navigation2/share/turtlebot3_lime_navigation2/rviz/navigation2.rviz
[0.240s] -- Up-to-date symlink: /home/an/Documents/turtlebot/turtlebot3_ws/install/turtlebot3_lime_navigation2/share/ament_index/resource_index/package_run_dependencies/turtlebot3_lime_navigation2
[0.240s] -- Up-to-date symlink: /home/an/Documents/turtlebot/turtlebot3_ws/install/turtlebot3_lime_navigation2/share/ament_index/resource_index/parent_prefix_path/turtlebot3_lime_navigation2
[0.240s] -- Up-to-date symlink: /home/an/Documents/turtlebot/turtlebot3_ws/install/turtlebot3_lime_navigation2/share/turtlebot3_lime_navigation2/environment/ament_prefix_path.sh
[0.240s] -- Up-to-date symlink: /home/an/Documents/turtlebot/turtlebot3_ws/install/turtlebot3_lime_navigation2/share/turtlebot3_lime_navigation2/environment/ament_prefix_path.dsv
[0.240s] -- Up-to-date symlink: /home/an/Documents/turtlebot/turtlebot3_ws/install/turtlebot3_lime_navigation2/share/turtlebot3_lime_navigation2/environment/path.sh
[0.241s] -- Up-to-date symlink: /home/an/Documents/turtlebot/turtlebot3_ws/install/turtlebot3_lime_navigation2/share/turtlebot3_lime_navigation2/environment/path.dsv
[0.241s] -- Up-to-date symlink: /home/an/Documents/turtlebot/turtlebot3_ws/install/turtlebot3_lime_navigation2/share/turtlebot3_lime_navigation2/local_setup.bash
[0.241s] -- Up-to-date symlink: /home/an/Documents/turtlebot/turtlebot3_ws/install/turtlebot3_lime_navigation2/share/turtlebot3_lime_navigation2/local_setup.sh
[0.241s] -- Up-to-date symlink: /home/an/Documents/turtlebot/turtlebot3_ws/install/turtlebot3_lime_navigation2/share/turtlebot3_lime_navigation2/local_setup.zsh
[0.241s] -- Up-to-date symlink: /home/an/Documents/turtlebot/turtlebot3_ws/install/turtlebot3_lime_navigation2/share/turtlebot3_lime_navigation2/local_setup.dsv
[0.241s] -- Symlinking: /home/an/Documents/turtlebot/turtlebot3_ws/install/turtlebot3_lime_navigation2/share/turtlebot3_lime_navigation2/package.dsv
[0.245s] -- Up-to-date symlink: /home/an/Documents/turtlebot/turtlebot3_ws/install/turtlebot3_lime_navigation2/share/ament_index/resource_index/packages/turtlebot3_lime_navigation2
[0.246s] -- Up-to-date symlink: /home/an/Documents/turtlebot/turtlebot3_ws/install/turtlebot3_lime_navigation2/share/turtlebot3_lime_navigation2/cmake/turtlebot3_lime_navigation2Config.cmake
[0.247s] -- Up-to-date symlink: /home/an/Documents/turtlebot/turtlebot3_ws/install/turtlebot3_lime_navigation2/share/turtlebot3_lime_navigation2/cmake/turtlebot3_lime_navigation2Config-version.cmake
[0.247s] -- Up-to-date symlink: /home/an/Documents/turtlebot/turtlebot3_ws/install/turtlebot3_lime_navigation2/share/turtlebot3_lime_navigation2/package.xml
[0.257s] Invoked command in '/home/an/Documents/turtlebot/turtlebot3_ws/build/turtlebot3_lime_navigation2' returned '0': CMAKE_PREFIX_PATH=${CMAKE_PREFIX_PATH}:/opt/ros/humble CONDA_PROMPT_MODIFIER=(base) /usr/bin/cmake --install /home/an/Documents/turtlebot/turtlebot3_ws/build/turtlebot3_lime_navigation2
