-- Install configuration: ""
-- Execute custom install script
-- Up-to-date symlink: /home/an/Documents/turtlebot/turtlebot3_ws/install/turtlebot3_lime_cartographer/share/turtlebot3_lime_cartographer/config/turtlebot3_2d.lua
-- Up-to-date symlink: /home/an/Documents/turtlebot/turtlebot3_ws/install/turtlebot3_lime_cartographer/share/turtlebot3_lime_cartographer/launch/cartographer.launch.py
-- Up-to-date symlink: /home/an/Documents/turtlebot/turtlebot3_ws/install/turtlebot3_lime_cartographer/share/turtlebot3_lime_cartographer/launch/rviz2.launch.py
-- Up-to-date symlink: /home/an/Documents/turtlebot/turtlebot3_ws/install/turtlebot3_lime_cartographer/share/turtlebot3_lime_cartographer/rviz/cartographer.rviz
-- Up-to-date symlink: /home/an/Documents/turtlebot/turtlebot3_ws/install/turtlebot3_lime_cartographer/share/ament_index/resource_index/package_run_dependencies/turtlebot3_lime_cartographer
-- Up-to-date symlink: /home/an/Documents/turtlebot/turtlebot3_ws/install/turtlebot3_lime_cartographer/share/ament_index/resource_index/parent_prefix_path/turtlebot3_lime_cartographer
-- Up-to-date symlink: /home/an/Documents/turtlebot/turtlebot3_ws/install/turtlebot3_lime_cartographer/share/turtlebot3_lime_cartographer/environment/ament_prefix_path.sh
-- Up-to-date symlink: /home/an/Documents/turtlebot/turtlebot3_ws/install/turtlebot3_lime_cartographer/share/turtlebot3_lime_cartographer/environment/ament_prefix_path.dsv
-- Up-to-date symlink: /home/an/Documents/turtlebot/turtlebot3_ws/install/turtlebot3_lime_cartographer/share/turtlebot3_lime_cartographer/environment/path.sh
-- Up-to-date symlink: /home/an/Documents/turtlebot/turtlebot3_ws/install/turtlebot3_lime_cartographer/share/turtlebot3_lime_cartographer/environment/path.dsv
-- Up-to-date symlink: /home/an/Documents/turtlebot/turtlebot3_ws/install/turtlebot3_lime_cartographer/share/turtlebot3_lime_cartographer/local_setup.bash
-- Up-to-date symlink: /home/an/Documents/turtlebot/turtlebot3_ws/install/turtlebot3_lime_cartographer/share/turtlebot3_lime_cartographer/local_setup.sh
-- Up-to-date symlink: /home/an/Documents/turtlebot/turtlebot3_ws/install/turtlebot3_lime_cartographer/share/turtlebot3_lime_cartographer/local_setup.zsh
-- Up-to-date symlink: /home/an/Documents/turtlebot/turtlebot3_ws/install/turtlebot3_lime_cartographer/share/turtlebot3_lime_cartographer/local_setup.dsv
-- Symlinking: /home/an/Documents/turtlebot/turtlebot3_ws/install/turtlebot3_lime_cartographer/share/turtlebot3_lime_cartographer/package.dsv
-- Up-to-date symlink: /home/an/Documents/turtlebot/turtlebot3_ws/install/turtlebot3_lime_cartographer/share/ament_index/resource_index/packages/turtlebot3_lime_cartographer
-- Up-to-date symlink: /home/an/Documents/turtlebot/turtlebot3_ws/install/turtlebot3_lime_cartographer/share/turtlebot3_lime_cartographer/cmake/turtlebot3_lime_cartographerConfig.cmake
-- Up-to-date symlink: /home/an/Documents/turtlebot/turtlebot3_ws/install/turtlebot3_lime_cartographer/share/turtlebot3_lime_cartographer/cmake/turtlebot3_lime_cartographerConfig-version.cmake
-- Up-to-date symlink: /home/an/Documents/turtlebot/turtlebot3_ws/install/turtlebot3_lime_cartographer/share/turtlebot3_lime_cartographer/package.xml
