[0.014s] Invoking command in '/home/an/Documents/turtlebot/turtlebot3_ws/build/turtlebot3_lime_cartographer': CMAKE_PREFIX_PATH=${CMAKE_PREFIX_PATH}:/opt/ros/humble CONDA_PROMPT_MODIFIER=(base) /usr/bin/cmake --build /home/an/Documents/turtlebot/turtlebot3_ws/build/turtlebot3_lime_cartographer -- -j24 -l24
[0.036s] Invoked command in '/home/an/Documents/turtlebot/turtlebot3_ws/build/turtlebot3_lime_cartographer' returned '0': CMAKE_PREFIX_PATH=${CMAKE_PREFIX_PATH}:/opt/ros/humble CONDA_PROMPT_MODIFIER=(base) /usr/bin/cmake --build /home/an/Documents/turtlebot/turtlebot3_ws/build/turtlebot3_lime_cartographer -- -j24 -l24
[0.056s] Invoking command in '/home/an/Documents/turtlebot/turtlebot3_ws/build/turtlebot3_lime_cartographer': CMAKE_PREFIX_PATH=${CMAKE_PREFIX_PATH}:/opt/ros/humble CONDA_PROMPT_MODIFIER=(base) /usr/bin/cmake --install /home/an/Documents/turtlebot/turtlebot3_ws/build/turtlebot3_lime_cartographer
[0.060s] -- Install configuration: ""
[0.061s] -- Execute custom install script
[0.062s] -- Up-to-date symlink: /home/an/Documents/turtlebot/turtlebot3_ws/install/turtlebot3_lime_cartographer/share/turtlebot3_lime_cartographer/config/turtlebot3_2d.lua
[0.063s] -- Up-to-date symlink: /home/an/Documents/turtlebot/turtlebot3_ws/install/turtlebot3_lime_cartographer/share/turtlebot3_lime_cartographer/launch/cartographer.launch.py
[0.063s] -- Up-to-date symlink: /home/an/Documents/turtlebot/turtlebot3_ws/install/turtlebot3_lime_cartographer/share/turtlebot3_lime_cartographer/launch/rviz2.launch.py
[0.064s] -- Up-to-date symlink: /home/an/Documents/turtlebot/turtlebot3_ws/install/turtlebot3_lime_cartographer/share/turtlebot3_lime_cartographer/rviz/cartographer.rviz
[0.064s] -- Up-to-date symlink: /home/an/Documents/turtlebot/turtlebot3_ws/install/turtlebot3_lime_cartographer/share/ament_index/resource_index/package_run_dependencies/turtlebot3_lime_cartographer
[0.065s] -- Up-to-date symlink: /home/an/Documents/turtlebot/turtlebot3_ws/install/turtlebot3_lime_cartographer/share/ament_index/resource_index/parent_prefix_path/turtlebot3_lime_cartographer
[0.065s] -- Up-to-date symlink: /home/an/Documents/turtlebot/turtlebot3_ws/install/turtlebot3_lime_cartographer/share/turtlebot3_lime_cartographer/environment/ament_prefix_path.sh
[0.065s] -- Up-to-date symlink: /home/an/Documents/turtlebot/turtlebot3_ws/install/turtlebot3_lime_cartographer/share/turtlebot3_lime_cartographer/environment/ament_prefix_path.dsv
[0.065s] -- Up-to-date symlink: /home/an/Documents/turtlebot/turtlebot3_ws/install/turtlebot3_lime_cartographer/share/turtlebot3_lime_cartographer/environment/path.sh
[0.065s] -- Up-to-date symlink: /home/an/Documents/turtlebot/turtlebot3_ws/install/turtlebot3_lime_cartographer/share/turtlebot3_lime_cartographer/environment/path.dsv
[0.065s] -- Up-to-date symlink: /home/an/Documents/turtlebot/turtlebot3_ws/install/turtlebot3_lime_cartographer/share/turtlebot3_lime_cartographer/local_setup.bash
[0.066s] -- Up-to-date symlink: /home/an/Documents/turtlebot/turtlebot3_ws/install/turtlebot3_lime_cartographer/share/turtlebot3_lime_cartographer/local_setup.sh
[0.066s] -- Up-to-date symlink: /home/an/Documents/turtlebot/turtlebot3_ws/install/turtlebot3_lime_cartographer/share/turtlebot3_lime_cartographer/local_setup.zsh
[0.066s] -- Up-to-date symlink: /home/an/Documents/turtlebot/turtlebot3_ws/install/turtlebot3_lime_cartographer/share/turtlebot3_lime_cartographer/local_setup.dsv
[0.066s] -- Symlinking: /home/an/Documents/turtlebot/turtlebot3_ws/install/turtlebot3_lime_cartographer/share/turtlebot3_lime_cartographer/package.dsv
[0.068s] -- Up-to-date symlink: /home/an/Documents/turtlebot/turtlebot3_ws/install/turtlebot3_lime_cartographer/share/ament_index/resource_index/packages/turtlebot3_lime_cartographer
[0.068s] -- Up-to-date symlink: /home/an/Documents/turtlebot/turtlebot3_ws/install/turtlebot3_lime_cartographer/share/turtlebot3_lime_cartographer/cmake/turtlebot3_lime_cartographerConfig.cmake
[0.069s] -- Up-to-date symlink: /home/an/Documents/turtlebot/turtlebot3_ws/install/turtlebot3_lime_cartographer/share/turtlebot3_lime_cartographer/cmake/turtlebot3_lime_cartographerConfig-version.cmake
[0.069s] -- Up-to-date symlink: /home/an/Documents/turtlebot/turtlebot3_ws/install/turtlebot3_lime_cartographer/share/turtlebot3_lime_cartographer/package.xml
[0.085s] Invoked command in '/home/an/Documents/turtlebot/turtlebot3_ws/build/turtlebot3_lime_cartographer' returned '0': CMAKE_PREFIX_PATH=${CMAKE_PREFIX_PATH}:/opt/ros/humble CONDA_PROMPT_MODIFIER=(base) /usr/bin/cmake --install /home/an/Documents/turtlebot/turtlebot3_ws/build/turtlebot3_lime_cartographer
