[0.010s] Invoking command in '/home/an/Documents/turtlebot/turtlebot3_ws/build/turtlebot3_lime_cartographer': CMAKE_PREFIX_PATH=/opt/ros/humble CONDA_PROMPT_MODIFIER=(base) /usr/bin/cmake /home/an/Documents/turtlebot/turtlebot3_ws/src/turtlebot3_lime/turtlebot3_lime_cartographer -DAMENT_CMAKE_SYMLINK_INSTALL=1 -DCMAKE_INSTALL_PREFIX=/home/an/Documents/turtlebot/turtlebot3_ws/install/turtlebot3_lime_cartographer
[0.042s] -- The C compiler identification is GNU 11.4.0
[0.081s] -- The CXX compiler identification is GNU 11.4.0
[0.086s] -- Detecting C compiler ABI info
[0.134s] -- Detecting C compiler ABI info - done
[0.139s] -- Check for working C compiler: /usr/bin/cc - skipped
[0.140s] -- Detecting C compile features
[0.140s] -- Detecting C compile features - done
[0.142s] -- Detecting CXX compiler ABI info
[0.197s] -- Detecting CXX compiler ABI info - done
[0.206s] -- Check for working CXX compiler: /usr/bin/c++ - skipped
[0.207s] -- Detecting CXX compile features
[0.207s] -- Detecting CXX compile features - done
[0.210s] -- Found ament_cmake: 1.3.9 (/opt/ros/humble/share/ament_cmake/cmake)
[0.462s] -- Found Python3: /home/an/miniconda3/bin/python3 (found version "3.11.4") found components: Interpreter 
[0.512s] -- Override CMake install command with custom implementation using symlinks instead of copying resources
[0.548s] Traceback (most recent call last):
[0.548s]   File "/opt/ros/humble/share/ament_cmake_core/cmake/core/package_xml_2_cmake.py", line 22, in <module>
[0.548s]     from catkin_pkg.package import parse_package_string
[0.548s] ModuleNotFoundError: No module named 'catkin_pkg'
[0.549s] [31mCMake Error at /opt/ros/humble/share/ament_cmake_core/cmake/core/ament_package_xml.cmake:95 (message):
[0.549s]   execute_process(/home/an/miniconda3/bin/python3
[0.549s]   /opt/ros/humble/share/ament_cmake_core/cmake/core/package_xml_2_cmake.py
[0.549s]   /home/an/Documents/turtlebot/turtlebot3_ws/src/turtlebot3_lime/turtlebot3_lime_cartographer/package.xml
[0.549s]   /home/an/Documents/turtlebot/turtlebot3_ws/build/turtlebot3_lime_cartographer/ament_cmake_core/package.cmake)
[0.549s]   returned error code 1
[0.549s] Call Stack (most recent call first):
[0.549s]   /opt/ros/humble/share/ament_cmake_core/cmake/core/ament_package_xml.cmake:49 (_ament_package_xml)
[0.549s]   /opt/ros/humble/share/ament_cmake_core/cmake/core/ament_package.cmake:63 (ament_package_xml)
[0.549s]   CMakeLists.txt:23 (ament_package)
[0.549s] 
[0.549s] [0m
[0.549s] -- Configuring incomplete, errors occurred!
[0.549s] See also "/home/an/Documents/turtlebot/turtlebot3_ws/build/turtlebot3_lime_cartographer/CMakeFiles/CMakeOutput.log".
[0.552s] Invoked command in '/home/an/Documents/turtlebot/turtlebot3_ws/build/turtlebot3_lime_cartographer' returned '1': CMAKE_PREFIX_PATH=/opt/ros/humble CONDA_PROMPT_MODIFIER=(base) /usr/bin/cmake /home/an/Documents/turtlebot/turtlebot3_ws/src/turtlebot3_lime/turtlebot3_lime_cartographer -DAMENT_CMAKE_SYMLINK_INSTALL=1 -DCMAKE_INSTALL_PREFIX=/home/an/Documents/turtlebot/turtlebot3_ws/install/turtlebot3_lime_cartographer
