[0.005s] Invoking command in '/home/an/Documents/turtlebot/turtlebot3_ws/build/turtlebot3_lime_moveit_config': AMENT_PREFIX_PATH=/home/an/Documents/turtlebot/turtlebot3_ws/install/turtlebot3_lime_description:${AMENT_PREFIX_PATH} CMAKE_PREFIX_PATH=/home/an/Documents/turtlebot/turtlebot3_ws/install/turtlebot3_lime_description:/opt/ros/humble CONDA_PROMPT_MODIFIER=(base) /usr/bin/cmake /home/an/Documents/turtlebot/turtlebot3_ws/src/turtlebot3_lime/turtlebot3_lime_moveit_config -DAMENT_CMAKE_SYMLINK_INSTALL=1 -DCMAKE_INSTALL_PREFIX=/home/an/Documents/turtlebot/turtlebot3_ws/install/turtlebot3_lime_moveit_config
[0.037s] -- The C compiler identification is GNU 11.4.0
[0.073s] -- The CXX compiler identification is GNU 11.4.0
[0.078s] -- Detecting C compiler ABI info
[0.120s] -- Detecting C compiler ABI info - done
[0.125s] -- Check for working C compiler: /usr/bin/cc - skipped
[0.125s] -- Detecting C compile features
[0.126s] -- Detecting C compile features - done
[0.128s] -- Detecting CXX compiler ABI info
[0.178s] -- Detecting CXX compiler ABI info - done
[0.183s] -- Check for working CXX compiler: /usr/bin/c++ - skipped
[0.183s] -- Detecting CXX compile features
[0.183s] -- Detecting CXX compile features - done
[0.185s] -- Found ament_cmake: 1.3.9 (/opt/ros/humble/share/ament_cmake/cmake)
[0.415s] -- Found Python3: /home/an/miniconda3/bin/python3 (found version "3.11.4") found components: Interpreter 
[0.461s] -- Override CMake install command with custom implementation using symlinks instead of copying resources
[0.543s] -- Configuring done
[0.545s] -- Generating done
[0.545s] -- Build files have been written to: /home/an/Documents/turtlebot/turtlebot3_ws/build/turtlebot3_lime_moveit_config
[0.549s] Invoked command in '/home/an/Documents/turtlebot/turtlebot3_ws/build/turtlebot3_lime_moveit_config' returned '0': AMENT_PREFIX_PATH=/home/an/Documents/turtlebot/turtlebot3_ws/install/turtlebot3_lime_description:${AMENT_PREFIX_PATH} CMAKE_PREFIX_PATH=/home/an/Documents/turtlebot/turtlebot3_ws/install/turtlebot3_lime_description:/opt/ros/humble CONDA_PROMPT_MODIFIER=(base) /usr/bin/cmake /home/an/Documents/turtlebot/turtlebot3_ws/src/turtlebot3_lime/turtlebot3_lime_moveit_config -DAMENT_CMAKE_SYMLINK_INSTALL=1 -DCMAKE_INSTALL_PREFIX=/home/an/Documents/turtlebot/turtlebot3_ws/install/turtlebot3_lime_moveit_config
[0.550s] Invoking command in '/home/an/Documents/turtlebot/turtlebot3_ws/build/turtlebot3_lime_moveit_config': AMENT_PREFIX_PATH=/home/an/Documents/turtlebot/turtlebot3_ws/install/turtlebot3_lime_description:${AMENT_PREFIX_PATH} CMAKE_PREFIX_PATH=/home/an/Documents/turtlebot/turtlebot3_ws/install/turtlebot3_lime_description:/opt/ros/humble CONDA_PROMPT_MODIFIER=(base) /usr/bin/cmake --build /home/an/Documents/turtlebot/turtlebot3_ws/build/turtlebot3_lime_moveit_config -- -j24 -l24
[0.575s] Invoked command in '/home/an/Documents/turtlebot/turtlebot3_ws/build/turtlebot3_lime_moveit_config' returned '0': AMENT_PREFIX_PATH=/home/an/Documents/turtlebot/turtlebot3_ws/install/turtlebot3_lime_description:${AMENT_PREFIX_PATH} CMAKE_PREFIX_PATH=/home/an/Documents/turtlebot/turtlebot3_ws/install/turtlebot3_lime_description:/opt/ros/humble CONDA_PROMPT_MODIFIER=(base) /usr/bin/cmake --build /home/an/Documents/turtlebot/turtlebot3_ws/build/turtlebot3_lime_moveit_config -- -j24 -l24
[0.588s] Invoking command in '/home/an/Documents/turtlebot/turtlebot3_ws/build/turtlebot3_lime_moveit_config': AMENT_PREFIX_PATH=/home/an/Documents/turtlebot/turtlebot3_ws/install/turtlebot3_lime_description:${AMENT_PREFIX_PATH} CMAKE_PREFIX_PATH=/home/an/Documents/turtlebot/turtlebot3_ws/install/turtlebot3_lime_description:/opt/ros/humble CONDA_PROMPT_MODIFIER=(base) /usr/bin/cmake --install /home/an/Documents/turtlebot/turtlebot3_ws/build/turtlebot3_lime_moveit_config
[0.592s] -- Install configuration: ""
[0.593s] -- Execute custom install script
[0.594s] -- Symlinking: /home/an/Documents/turtlebot/turtlebot3_ws/install/turtlebot3_lime_moveit_config/share/ament_index/resource_index/package_run_dependencies/turtlebot3_lime_moveit_config
[0.599s] -- Symlinking: /home/an/Documents/turtlebot/turtlebot3_ws/install/turtlebot3_lime_moveit_config/share/ament_index/resource_index/parent_prefix_path/turtlebot3_lime_moveit_config
[0.604s] -- Symlinking: /home/an/Documents/turtlebot/turtlebot3_ws/install/turtlebot3_lime_moveit_config/share/turtlebot3_lime_moveit_config/environment/ament_prefix_path.sh
[0.609s] -- Symlinking: /home/an/Documents/turtlebot/turtlebot3_ws/install/turtlebot3_lime_moveit_config/share/turtlebot3_lime_moveit_config/environment/ament_prefix_path.dsv
[0.613s] -- Symlinking: /home/an/Documents/turtlebot/turtlebot3_ws/install/turtlebot3_lime_moveit_config/share/turtlebot3_lime_moveit_config/environment/path.sh
[0.619s] -- Symlinking: /home/an/Documents/turtlebot/turtlebot3_ws/install/turtlebot3_lime_moveit_config/share/turtlebot3_lime_moveit_config/environment/path.dsv
[0.624s] -- Symlinking: /home/an/Documents/turtlebot/turtlebot3_ws/install/turtlebot3_lime_moveit_config/share/turtlebot3_lime_moveit_config/local_setup.bash
[0.630s] -- Symlinking: /home/an/Documents/turtlebot/turtlebot3_ws/install/turtlebot3_lime_moveit_config/share/turtlebot3_lime_moveit_config/local_setup.sh
[0.635s] -- Symlinking: /home/an/Documents/turtlebot/turtlebot3_ws/install/turtlebot3_lime_moveit_config/share/turtlebot3_lime_moveit_config/local_setup.zsh
[0.641s] -- Symlinking: /home/an/Documents/turtlebot/turtlebot3_ws/install/turtlebot3_lime_moveit_config/share/turtlebot3_lime_moveit_config/local_setup.dsv
[0.646s] -- Symlinking: /home/an/Documents/turtlebot/turtlebot3_ws/install/turtlebot3_lime_moveit_config/share/turtlebot3_lime_moveit_config/package.dsv
[0.652s] -- Symlinking: /home/an/Documents/turtlebot/turtlebot3_ws/install/turtlebot3_lime_moveit_config/share/ament_index/resource_index/packages/turtlebot3_lime_moveit_config
[0.658s] -- Symlinking: /home/an/Documents/turtlebot/turtlebot3_ws/install/turtlebot3_lime_moveit_config/share/turtlebot3_lime_moveit_config/cmake/turtlebot3_lime_moveit_configConfig.cmake
[0.663s] -- Symlinking: /home/an/Documents/turtlebot/turtlebot3_ws/install/turtlebot3_lime_moveit_config/share/turtlebot3_lime_moveit_config/cmake/turtlebot3_lime_moveit_configConfig-version.cmake
[0.668s] -- Symlinking: /home/an/Documents/turtlebot/turtlebot3_ws/install/turtlebot3_lime_moveit_config/share/turtlebot3_lime_moveit_config/package.xml
[0.674s] -- Symlinking: /home/an/Documents/turtlebot/turtlebot3_ws/install/turtlebot3_lime_moveit_config/share/turtlebot3_lime_moveit_config/launch/move_group.launch.py
[0.679s] -- Symlinking: /home/an/Documents/turtlebot/turtlebot3_ws/install/turtlebot3_lime_moveit_config/share/turtlebot3_lime_moveit_config/launch/moveit_core.launch.py
[0.684s] -- Symlinking: /home/an/Documents/turtlebot/turtlebot3_ws/install/turtlebot3_lime_moveit_config/share/turtlebot3_lime_moveit_config/launch/moveit_fake.launch.py
[0.689s] -- Symlinking: /home/an/Documents/turtlebot/turtlebot3_ws/install/turtlebot3_lime_moveit_config/share/turtlebot3_lime_moveit_config/launch/moveit_gazebo.launch.py
[0.695s] -- Symlinking: /home/an/Documents/turtlebot/turtlebot3_ws/install/turtlebot3_lime_moveit_config/share/turtlebot3_lime_moveit_config/launch/moveit_rviz.launch.py
[0.701s] -- Symlinking: /home/an/Documents/turtlebot/turtlebot3_ws/install/turtlebot3_lime_moveit_config/share/turtlebot3_lime_moveit_config/launch/rsp.launch.py
[0.707s] -- Symlinking: /home/an/Documents/turtlebot/turtlebot3_ws/install/turtlebot3_lime_moveit_config/share/turtlebot3_lime_moveit_config/launch/servo.launch.py
[0.712s] -- Symlinking: /home/an/Documents/turtlebot/turtlebot3_ws/install/turtlebot3_lime_moveit_config/share/turtlebot3_lime_moveit_config/launch/setup_assistant.launch.py
[0.718s] -- Symlinking: /home/an/Documents/turtlebot/turtlebot3_ws/install/turtlebot3_lime_moveit_config/share/turtlebot3_lime_moveit_config/launch/spawn_controllers.launch.py
[0.724s] -- Symlinking: /home/an/Documents/turtlebot/turtlebot3_ws/install/turtlebot3_lime_moveit_config/share/turtlebot3_lime_moveit_config/launch/static_virtual_joint_tfs.launch.py
[0.729s] -- Symlinking: /home/an/Documents/turtlebot/turtlebot3_ws/install/turtlebot3_lime_moveit_config/share/turtlebot3_lime_moveit_config/launch/warehouse_db.launch.py
[0.735s] -- Symlinking: /home/an/Documents/turtlebot/turtlebot3_ws/install/turtlebot3_lime_moveit_config/share/turtlebot3_lime_moveit_config/config/initial_positions.yaml
[0.740s] -- Symlinking: /home/an/Documents/turtlebot/turtlebot3_ws/install/turtlebot3_lime_moveit_config/share/turtlebot3_lime_moveit_config/config/joint_limits.yaml
[0.745s] -- Symlinking: /home/an/Documents/turtlebot/turtlebot3_ws/install/turtlebot3_lime_moveit_config/share/turtlebot3_lime_moveit_config/config/kinematics.yaml
[0.750s] -- Symlinking: /home/an/Documents/turtlebot/turtlebot3_ws/install/turtlebot3_lime_moveit_config/share/turtlebot3_lime_moveit_config/config/moveit.rviz
[0.755s] -- Symlinking: /home/an/Documents/turtlebot/turtlebot3_ws/install/turtlebot3_lime_moveit_config/share/turtlebot3_lime_moveit_config/config/moveit_controllers.yaml
[0.760s] -- Symlinking: /home/an/Documents/turtlebot/turtlebot3_ws/install/turtlebot3_lime_moveit_config/share/turtlebot3_lime_moveit_config/config/moveit_servo.yaml
[0.764s] -- Symlinking: /home/an/Documents/turtlebot/turtlebot3_ws/install/turtlebot3_lime_moveit_config/share/turtlebot3_lime_moveit_config/config/moveit_teleop.rviz
[0.769s] -- Symlinking: /home/an/Documents/turtlebot/turtlebot3_ws/install/turtlebot3_lime_moveit_config/share/turtlebot3_lime_moveit_config/config/ompl_planning.yaml
[0.774s] -- Symlinking: /home/an/Documents/turtlebot/turtlebot3_ws/install/turtlebot3_lime_moveit_config/share/turtlebot3_lime_moveit_config/config/turtlebot3_lime.srdf
[0.780s] -- Symlinking: /home/an/Documents/turtlebot/turtlebot3_ws/install/turtlebot3_lime_moveit_config/share/turtlebot3_lime_moveit_config/.setup_assistant
[0.789s] Invoked command in '/home/an/Documents/turtlebot/turtlebot3_ws/build/turtlebot3_lime_moveit_config' returned '0': AMENT_PREFIX_PATH=/home/an/Documents/turtlebot/turtlebot3_ws/install/turtlebot3_lime_description:${AMENT_PREFIX_PATH} CMAKE_PREFIX_PATH=/home/an/Documents/turtlebot/turtlebot3_ws/install/turtlebot3_lime_description:/opt/ros/humble CONDA_PROMPT_MODIFIER=(base) /usr/bin/cmake --install /home/an/Documents/turtlebot/turtlebot3_ws/build/turtlebot3_lime_moveit_config
