[0.014s] Invoking command in '/home/an/Documents/turtlebot/turtlebot3_ws/build/turtlebot3_lime_navigation2': CMAKE_PREFIX_PATH=${CMAKE_PREFIX_PATH}:/opt/ros/humble CONDA_PROMPT_MODIFIER=(base) /usr/bin/cmake --build /home/an/Documents/turtlebot/turtlebot3_ws/build/turtlebot3_lime_navigation2 -- -j24 -l24
[0.031s] Invoked command in '/home/an/Documents/turtlebot/turtlebot3_ws/build/turtlebot3_lime_navigation2' returned '0': CMAKE_PREFIX_PATH=${CMAKE_PREFIX_PATH}:/opt/ros/humble CONDA_PROMPT_MODIFIER=(base) /usr/bin/cmake --build /home/an/Documents/turtlebot/turtlebot3_ws/build/turtlebot3_lime_navigation2 -- -j24 -l24
[0.043s] Invoking command in '/home/an/Documents/turtlebot/turtlebot3_ws/build/turtlebot3_lime_navigation2': CMAKE_PREFIX_PATH=${CMAKE_PREFIX_PATH}:/opt/ros/humble CONDA_PROMPT_MODIFIER=(base) /usr/bin/cmake --install /home/an/Documents/turtlebot/turtlebot3_ws/build/turtlebot3_lime_navigation2
[0.047s] -- Install configuration: ""
[0.047s] -- Execute custom install script
[0.047s] -- Up-to-date symlink: /home/an/Documents/turtlebot/turtlebot3_ws/install/turtlebot3_lime_navigation2/share/turtlebot3_lime_navigation2/launch/navigation2.launch.py
[0.048s] -- Up-to-date symlink: /home/an/Documents/turtlebot/turtlebot3_ws/install/turtlebot3_lime_navigation2/share/turtlebot3_lime_navigation2/launch/navigation2_isaacsim.launch.py
[0.048s] -- Up-to-date symlink: /home/an/Documents/turtlebot/turtlebot3_ws/install/turtlebot3_lime_navigation2/share/turtlebot3_lime_navigation2/launch/navigation2_use_sim_time.launch.py
[0.048s] -- Up-to-date symlink: /home/an/Documents/turtlebot/turtlebot3_ws/install/turtlebot3_lime_navigation2/share/turtlebot3_lime_navigation2/map/draft_lime.png
[0.048s] -- Up-to-date symlink: /home/an/Documents/turtlebot/turtlebot3_ws/install/turtlebot3_lime_navigation2/share/turtlebot3_lime_navigation2/map/draft_lime.yaml
[0.048s] -- Up-to-date symlink: /home/an/Documents/turtlebot/turtlebot3_ws/install/turtlebot3_lime_navigation2/share/turtlebot3_lime_navigation2/map/turtlebot3_world.pgm
[0.048s] -- Up-to-date symlink: /home/an/Documents/turtlebot/turtlebot3_ws/install/turtlebot3_lime_navigation2/share/turtlebot3_lime_navigation2/map/turtlebot3_world.yaml
[0.049s] -- Up-to-date symlink: /home/an/Documents/turtlebot/turtlebot3_ws/install/turtlebot3_lime_navigation2/share/turtlebot3_lime_navigation2/param/turtlebot3.yaml
[0.049s] -- Symlinking: /home/an/Documents/turtlebot/turtlebot3_ws/install/turtlebot3_lime_navigation2/share/turtlebot3_lime_navigation2/param/turtlebot3_isaac.yaml
[0.052s] -- Up-to-date symlink: /home/an/Documents/turtlebot/turtlebot3_ws/install/turtlebot3_lime_navigation2/share/turtlebot3_lime_navigation2/param/turtlebot3_use_sim_time.yaml
[0.052s] -- Up-to-date symlink: /home/an/Documents/turtlebot/turtlebot3_ws/install/turtlebot3_lime_navigation2/share/turtlebot3_lime_navigation2/rviz/navigation2.rviz
[0.053s] -- Up-to-date symlink: /home/an/Documents/turtlebot/turtlebot3_ws/install/turtlebot3_lime_navigation2/share/ament_index/resource_index/package_run_dependencies/turtlebot3_lime_navigation2
[0.053s] -- Up-to-date symlink: /home/an/Documents/turtlebot/turtlebot3_ws/install/turtlebot3_lime_navigation2/share/ament_index/resource_index/parent_prefix_path/turtlebot3_lime_navigation2
[0.053s] -- Up-to-date symlink: /home/an/Documents/turtlebot/turtlebot3_ws/install/turtlebot3_lime_navigation2/share/turtlebot3_lime_navigation2/environment/ament_prefix_path.sh
[0.053s] -- Up-to-date symlink: /home/an/Documents/turtlebot/turtlebot3_ws/install/turtlebot3_lime_navigation2/share/turtlebot3_lime_navigation2/environment/ament_prefix_path.dsv
[0.053s] -- Up-to-date symlink: /home/an/Documents/turtlebot/turtlebot3_ws/install/turtlebot3_lime_navigation2/share/turtlebot3_lime_navigation2/environment/path.sh
[0.053s] -- Up-to-date symlink: /home/an/Documents/turtlebot/turtlebot3_ws/install/turtlebot3_lime_navigation2/share/turtlebot3_lime_navigation2/environment/path.dsv
[0.053s] -- Up-to-date symlink: /home/an/Documents/turtlebot/turtlebot3_ws/install/turtlebot3_lime_navigation2/share/turtlebot3_lime_navigation2/local_setup.bash
[0.053s] -- Up-to-date symlink: /home/an/Documents/turtlebot/turtlebot3_ws/install/turtlebot3_lime_navigation2/share/turtlebot3_lime_navigation2/local_setup.sh
[0.053s] -- Up-to-date symlink: /home/an/Documents/turtlebot/turtlebot3_ws/install/turtlebot3_lime_navigation2/share/turtlebot3_lime_navigation2/local_setup.zsh
[0.053s] -- Up-to-date symlink: /home/an/Documents/turtlebot/turtlebot3_ws/install/turtlebot3_lime_navigation2/share/turtlebot3_lime_navigation2/local_setup.dsv
[0.053s] -- Symlinking: /home/an/Documents/turtlebot/turtlebot3_ws/install/turtlebot3_lime_navigation2/share/turtlebot3_lime_navigation2/package.dsv
[0.057s] -- Up-to-date symlink: /home/an/Documents/turtlebot/turtlebot3_ws/install/turtlebot3_lime_navigation2/share/ament_index/resource_index/packages/turtlebot3_lime_navigation2
[0.057s] -- Up-to-date symlink: /home/an/Documents/turtlebot/turtlebot3_ws/install/turtlebot3_lime_navigation2/share/turtlebot3_lime_navigation2/cmake/turtlebot3_lime_navigation2Config.cmake
[0.057s] -- Up-to-date symlink: /home/an/Documents/turtlebot/turtlebot3_ws/install/turtlebot3_lime_navigation2/share/turtlebot3_lime_navigation2/cmake/turtlebot3_lime_navigation2Config-version.cmake
[0.057s] -- Up-to-date symlink: /home/an/Documents/turtlebot/turtlebot3_ws/install/turtlebot3_lime_navigation2/share/turtlebot3_lime_navigation2/package.xml
[0.071s] Invoked command in '/home/an/Documents/turtlebot/turtlebot3_ws/build/turtlebot3_lime_navigation2' returned '0': CMAKE_PREFIX_PATH=${CMAKE_PREFIX_PATH}:/opt/ros/humble CONDA_PROMPT_MODIFIER=(base) /usr/bin/cmake --install /home/an/Documents/turtlebot/turtlebot3_ws/build/turtlebot3_lime_navigation2
