[0.012s] Invoking command in '/home/an/Documents/turtlebot/turtlebot3_ws/build/turtlebot3_lime_hardware': CMAKE_PREFIX_PATH=${CMAKE_PREFIX_PATH}:/opt/ros/humble CONDA_PROMPT_MODIFIER=(base) /usr/bin/cmake --build /home/an/Documents/turtlebot/turtlebot3_ws/build/turtlebot3_lime_hardware -- -j24 -l24
[0.034s] [35m[1mConsolidate compiler generated dependencies of target turtlebot3_lime_hardware[0m
[0.047s] [100%] Built target turtlebot3_lime_hardware
[0.054s] Invoked command in '/home/an/Documents/turtlebot/turtlebot3_ws/build/turtlebot3_lime_hardware' returned '0': CMAKE_PREFIX_PATH=${CMAKE_PREFIX_PATH}:/opt/ros/humble CONDA_PROMPT_MODIFIER=(base) /usr/bin/cmake --build /home/an/Documents/turtlebot/turtlebot3_ws/build/turtlebot3_lime_hardware -- -j24 -l24
[0.078s] Invoking command in '/home/an/Documents/turtlebot/turtlebot3_ws/build/turtlebot3_lime_hardware': CMAKE_PREFIX_PATH=${CMAKE_PREFIX_PATH}:/opt/ros/humble CONDA_PROMPT_MODIFIER=(base) /usr/bin/cmake --install /home/an/Documents/turtlebot/turtlebot3_ws/build/turtlebot3_lime_hardware
[0.082s] -- Install configuration: ""
[0.083s] -- Execute custom install script
[0.083s] -- Up-to-date symlink: /home/an/Documents/turtlebot/turtlebot3_ws/install/turtlebot3_lime_hardware/share/turtlebot3_lime_hardware//turtlebot3_lime_hardware.xml
[0.083s] -- Up-to-date symlink: /home/an/Documents/turtlebot/turtlebot3_ws/install/turtlebot3_lime_hardware/include/turtlebot3_lime_hardware/dynamixel_sdk_wrapper.hpp
[0.083s] -- Up-to-date symlink: /home/an/Documents/turtlebot/turtlebot3_ws/install/turtlebot3_lime_hardware/include/turtlebot3_lime_hardware/opencr.hpp
[0.083s] -- Up-to-date symlink: /home/an/Documents/turtlebot/turtlebot3_ws/install/turtlebot3_lime_hardware/include/turtlebot3_lime_hardware/opencr_control_table.hpp
[0.083s] -- Up-to-date symlink: /home/an/Documents/turtlebot/turtlebot3_ws/install/turtlebot3_lime_hardware/include/turtlebot3_lime_hardware/opencr_definitions.hpp
[0.083s] -- Up-to-date symlink: /home/an/Documents/turtlebot/turtlebot3_ws/install/turtlebot3_lime_hardware/include/turtlebot3_lime_hardware/turtlebot3_lime_system.hpp
[0.083s] -- Up-to-date symlink: /home/an/Documents/turtlebot/turtlebot3_ws/install/turtlebot3_lime_hardware/include/turtlebot3_lime_hardware/visibility_control.h
[0.083s] -- Up-to-date symlink: /home/an/Documents/turtlebot/turtlebot3_ws/install/turtlebot3_lime_hardware/lib/libturtlebot3_lime_hardware.so
[0.083s] -- Up-to-date symlink: /home/an/Documents/turtlebot/turtlebot3_ws/install/turtlebot3_lime_hardware/share/turtlebot3_lime_hardware/environment/library_path.sh
[0.083s] -- Up-to-date symlink: /home/an/Documents/turtlebot/turtlebot3_ws/install/turtlebot3_lime_hardware/share/turtlebot3_lime_hardware/environment/library_path.dsv
[0.083s] -- Up-to-date symlink: /home/an/Documents/turtlebot/turtlebot3_ws/install/turtlebot3_lime_hardware/share/ament_index/resource_index/package_run_dependencies/turtlebot3_lime_hardware
[0.084s] -- Up-to-date symlink: /home/an/Documents/turtlebot/turtlebot3_ws/install/turtlebot3_lime_hardware/share/ament_index/resource_index/parent_prefix_path/turtlebot3_lime_hardware
[0.084s] -- Up-to-date symlink: /home/an/Documents/turtlebot/turtlebot3_ws/install/turtlebot3_lime_hardware/share/turtlebot3_lime_hardware/environment/ament_prefix_path.sh
[0.084s] -- Up-to-date symlink: /home/an/Documents/turtlebot/turtlebot3_ws/install/turtlebot3_lime_hardware/share/turtlebot3_lime_hardware/environment/ament_prefix_path.dsv
[0.084s] -- Up-to-date symlink: /home/an/Documents/turtlebot/turtlebot3_ws/install/turtlebot3_lime_hardware/share/turtlebot3_lime_hardware/environment/path.sh
[0.084s] -- Up-to-date symlink: /home/an/Documents/turtlebot/turtlebot3_ws/install/turtlebot3_lime_hardware/share/turtlebot3_lime_hardware/environment/path.dsv
[0.084s] -- Up-to-date symlink: /home/an/Documents/turtlebot/turtlebot3_ws/install/turtlebot3_lime_hardware/share/turtlebot3_lime_hardware/local_setup.bash
[0.084s] -- Up-to-date symlink: /home/an/Documents/turtlebot/turtlebot3_ws/install/turtlebot3_lime_hardware/share/turtlebot3_lime_hardware/local_setup.sh
[0.084s] -- Up-to-date symlink: /home/an/Documents/turtlebot/turtlebot3_ws/install/turtlebot3_lime_hardware/share/turtlebot3_lime_hardware/local_setup.zsh
[0.084s] -- Up-to-date symlink: /home/an/Documents/turtlebot/turtlebot3_ws/install/turtlebot3_lime_hardware/share/turtlebot3_lime_hardware/local_setup.dsv
[0.084s] -- Symlinking: /home/an/Documents/turtlebot/turtlebot3_ws/install/turtlebot3_lime_hardware/share/turtlebot3_lime_hardware/package.dsv
[0.089s] -- Up-to-date symlink: /home/an/Documents/turtlebot/turtlebot3_ws/install/turtlebot3_lime_hardware/share/ament_index/resource_index/packages/turtlebot3_lime_hardware
[0.089s] -- Up-to-date symlink: /home/an/Documents/turtlebot/turtlebot3_ws/install/turtlebot3_lime_hardware/share/ament_index/resource_index/hardware_interface__pluginlib__plugin/turtlebot3_lime_hardware
[0.089s] -- Up-to-date symlink: /home/an/Documents/turtlebot/turtlebot3_ws/install/turtlebot3_lime_hardware/share/turtlebot3_lime_hardware/cmake/ament_cmake_export_include_directories-extras.cmake
[0.089s] -- Up-to-date symlink: /home/an/Documents/turtlebot/turtlebot3_ws/install/turtlebot3_lime_hardware/share/turtlebot3_lime_hardware/cmake/ament_cmake_export_libraries-extras.cmake
[0.089s] -- Up-to-date symlink: /home/an/Documents/turtlebot/turtlebot3_ws/install/turtlebot3_lime_hardware/share/turtlebot3_lime_hardware/cmake/ament_cmake_export_dependencies-extras.cmake
[0.089s] -- Up-to-date symlink: /home/an/Documents/turtlebot/turtlebot3_ws/install/turtlebot3_lime_hardware/share/turtlebot3_lime_hardware/cmake/turtlebot3_lime_hardwareConfig.cmake
[0.089s] -- Up-to-date symlink: /home/an/Documents/turtlebot/turtlebot3_ws/install/turtlebot3_lime_hardware/share/turtlebot3_lime_hardware/cmake/turtlebot3_lime_hardwareConfig-version.cmake
[0.089s] -- Up-to-date symlink: /home/an/Documents/turtlebot/turtlebot3_ws/install/turtlebot3_lime_hardware/share/turtlebot3_lime_hardware/package.xml
[0.104s] Invoked command in '/home/an/Documents/turtlebot/turtlebot3_ws/build/turtlebot3_lime_hardware' returned '0': CMAKE_PREFIX_PATH=${CMAKE_PREFIX_PATH}:/opt/ros/humble CONDA_PROMPT_MODIFIER=(base) /usr/bin/cmake --install /home/an/Documents/turtlebot/turtlebot3_ws/build/turtlebot3_lime_hardware
