[0.011s] Invoking command in '/home/an/Documents/turtlebot/turtlebot3_ws/build/turtlebot3_lime_teleop': CMAKE_PREFIX_PATH=/home/an/Documents/turtlebot/turtlebot3_ws/install/turtlebot3_lime_moveit_config:/home/an/Documents/turtlebot/turtlebot3_ws/install/turtlebot3_lime_bringup:/home/an/Documents/turtlebot/turtlebot3_ws/install/turtlebot3_lime_description:/home/an/Documents/turtlebot/turtlebot3_ws/install/turtlebot3_lime:/home/an/Documents/turtlebot/turtlebot3_ws/install/turtlebot3_lime_teleop:/home/an/Documents/turtlebot/turtlebot3_ws/install/turtlebot3_lime_navigation2:/home/an/Documents/turtlebot/turtlebot3_ws/install/turtlebot3_lime_hardware:/home/an/Documents/turtlebot/turtlebot3_ws/install/turtlebot3_lime_cartographer:/opt/ros/humble CONDA_PROMPT_MODIFIER=(base) /usr/bin/cmake --build /home/an/Documents/turtlebot/turtlebot3_ws/build/turtlebot3_lime_teleop -- -j24 -l24
[0.028s] -- Found ament_cmake: 1.3.10 (/opt/ros/humble/share/ament_cmake/cmake)
[0.119s] -- Override CMake install command with custom implementation using symlinks instead of copying resources
[0.124s] -- Found rclcpp: 16.0.10 (/opt/ros/humble/share/rclcpp/cmake)
[0.146s] -- Found rosidl_generator_c: 3.1.5 (/opt/ros/humble/share/rosidl_generator_c/cmake)
[0.148s] -- Found rosidl_adapter: 3.1.5 (/opt/ros/humble/share/rosidl_adapter/cmake)
[0.152s] -- Found rosidl_generator_cpp: 3.1.5 (/opt/ros/humble/share/rosidl_generator_cpp/cmake)
[0.159s] -- Using all available rosidl_typesupport_c: rosidl_typesupport_fastrtps_c;rosidl_typesupport_introspection_c
[0.168s] -- Using all available rosidl_typesupport_cpp: rosidl_typesupport_fastrtps_cpp;rosidl_typesupport_introspection_cpp
[0.191s] -- Found rmw_implementation_cmake: 6.1.2 (/opt/ros/humble/share/rmw_implementation_cmake/cmake)
[0.192s] -- Found rmw_fastrtps_cpp: 6.2.7 (/opt/ros/humble/share/rmw_fastrtps_cpp/cmake)
[0.276s] -- Using RMW implementation 'rmw_fastrtps_cpp' as default
[0.311s] -- Found turtlebot3_lime_bringup: 2.1.1 (/home/an/Documents/turtlebot/turtlebot3_ws/install/turtlebot3_lime_bringup/share/turtlebot3_lime_bringup/cmake)
[0.311s] -- Found turtlebot3_lime_moveit_config: 2.1.1 (/home/an/Documents/turtlebot/turtlebot3_ws/install/turtlebot3_lime_moveit_config/share/turtlebot3_lime_moveit_config/cmake)
[0.311s] -- Found turtlebot3_lime_description: 2.1.1 (/home/an/Documents/turtlebot/turtlebot3_ws/install/turtlebot3_lime_description/share/turtlebot3_lime_description/cmake)
[0.311s] -- Found geometry_msgs: 4.2.4 (/opt/ros/humble/share/geometry_msgs/cmake)
[0.320s] -- Found nav_msgs: 4.2.4 (/opt/ros/humble/share/nav_msgs/cmake)
[0.332s] -- Found control_msgs: 4.6.0 (/opt/ros/humble/share/control_msgs/cmake)
[0.390s] -- Found std_srvs: 4.2.4 (/opt/ros/humble/share/std_srvs/cmake)
[0.402s] -- Found ament_lint_auto: 0.12.11 (/opt/ros/humble/share/ament_lint_auto/cmake)
[0.478s] -- Added test 'copyright' to check source files copyright and LICENSE
[0.479s] -- Added test 'cppcheck' to perform static code analysis on C / C++ code
[0.479s] -- Configured cppcheck include dirs: $<BUILD_INTERFACE:/home/an/Documents/turtlebot/turtlebot3_ws/src/turtlebot3_lime/turtlebot3_lime_teleop/include>
[0.479s] -- Configured cppcheck exclude dirs and/or files: 
[0.479s] -- Added test 'cpplint' to check C / C++ code against the Google style
[0.479s] -- Configured cpplint exclude dirs and/or files: 
[0.480s] -- Added test 'lint_cmake' to check CMake code style
[0.481s] -- Added test 'uncrustify' to check C / C++ code style
[0.481s] -- Configured uncrustify additional arguments: 
[0.481s] -- Added test 'xmllint' to check XML markup files
[0.482s] -- Configuring done
[0.492s] -- Generating done
[0.494s] -- Build files have been written to: /home/an/Documents/turtlebot/turtlebot3_ws/build/turtlebot3_lime_teleop
[0.513s] [35m[1mConsolidate compiler generated dependencies of target turtlebot3_lime_teleop[0m
[0.528s] [ 50%] [32mBuilding CXX object CMakeFiles/turtlebot3_lime_teleop.dir/src/turtlebot3_lime_teleop.cpp.o[0m
[4.538s] [100%] [32m[1mLinking CXX executable turtlebot3_lime_teleop[0m
[4.732s] [100%] Built target turtlebot3_lime_teleop
[4.739s] Invoked command in '/home/an/Documents/turtlebot/turtlebot3_ws/build/turtlebot3_lime_teleop' returned '0': CMAKE_PREFIX_PATH=/home/an/Documents/turtlebot/turtlebot3_ws/install/turtlebot3_lime_moveit_config:/home/an/Documents/turtlebot/turtlebot3_ws/install/turtlebot3_lime_bringup:/home/an/Documents/turtlebot/turtlebot3_ws/install/turtlebot3_lime_description:/home/an/Documents/turtlebot/turtlebot3_ws/install/turtlebot3_lime:/home/an/Documents/turtlebot/turtlebot3_ws/install/turtlebot3_lime_teleop:/home/an/Documents/turtlebot/turtlebot3_ws/install/turtlebot3_lime_navigation2:/home/an/Documents/turtlebot/turtlebot3_ws/install/turtlebot3_lime_hardware:/home/an/Documents/turtlebot/turtlebot3_ws/install/turtlebot3_lime_cartographer:/opt/ros/humble CONDA_PROMPT_MODIFIER=(base) /usr/bin/cmake --build /home/an/Documents/turtlebot/turtlebot3_ws/build/turtlebot3_lime_teleop -- -j24 -l24
[4.753s] Invoking command in '/home/an/Documents/turtlebot/turtlebot3_ws/build/turtlebot3_lime_teleop': CMAKE_PREFIX_PATH=/home/an/Documents/turtlebot/turtlebot3_ws/install/turtlebot3_lime_moveit_config:/home/an/Documents/turtlebot/turtlebot3_ws/install/turtlebot3_lime_bringup:/home/an/Documents/turtlebot/turtlebot3_ws/install/turtlebot3_lime_description:/home/an/Documents/turtlebot/turtlebot3_ws/install/turtlebot3_lime:/home/an/Documents/turtlebot/turtlebot3_ws/install/turtlebot3_lime_teleop:/home/an/Documents/turtlebot/turtlebot3_ws/install/turtlebot3_lime_navigation2:/home/an/Documents/turtlebot/turtlebot3_ws/install/turtlebot3_lime_hardware:/home/an/Documents/turtlebot/turtlebot3_ws/install/turtlebot3_lime_cartographer:/opt/ros/humble CONDA_PROMPT_MODIFIER=(base) /usr/bin/cmake --install /home/an/Documents/turtlebot/turtlebot3_ws/build/turtlebot3_lime_teleop
[4.759s] -- Install configuration: ""
[4.759s] -- Execute custom install script
[4.760s] -- Up-to-date symlink: /home/an/Documents/turtlebot/turtlebot3_ws/install/turtlebot3_lime_teleop/lib/turtlebot3_lime_teleop/turtlebot3_lime_teleop
[4.760s] -- Up-to-date symlink: /home/an/Documents/turtlebot/turtlebot3_ws/install/turtlebot3_lime_teleop/share/ament_index/resource_index/package_run_dependencies/turtlebot3_lime_teleop
[4.760s] -- Up-to-date symlink: /home/an/Documents/turtlebot/turtlebot3_ws/install/turtlebot3_lime_teleop/share/ament_index/resource_index/parent_prefix_path/turtlebot3_lime_teleop
[4.760s] -- Up-to-date symlink: /home/an/Documents/turtlebot/turtlebot3_ws/install/turtlebot3_lime_teleop/share/turtlebot3_lime_teleop/environment/ament_prefix_path.sh
[4.760s] -- Up-to-date symlink: /home/an/Documents/turtlebot/turtlebot3_ws/install/turtlebot3_lime_teleop/share/turtlebot3_lime_teleop/environment/ament_prefix_path.dsv
[4.760s] -- Up-to-date symlink: /home/an/Documents/turtlebot/turtlebot3_ws/install/turtlebot3_lime_teleop/share/turtlebot3_lime_teleop/environment/path.sh
[4.760s] -- Up-to-date symlink: /home/an/Documents/turtlebot/turtlebot3_ws/install/turtlebot3_lime_teleop/share/turtlebot3_lime_teleop/environment/path.dsv
[4.760s] -- Up-to-date symlink: /home/an/Documents/turtlebot/turtlebot3_ws/install/turtlebot3_lime_teleop/share/turtlebot3_lime_teleop/local_setup.bash
[4.760s] -- Up-to-date symlink: /home/an/Documents/turtlebot/turtlebot3_ws/install/turtlebot3_lime_teleop/share/turtlebot3_lime_teleop/local_setup.sh
[4.760s] -- Up-to-date symlink: /home/an/Documents/turtlebot/turtlebot3_ws/install/turtlebot3_lime_teleop/share/turtlebot3_lime_teleop/local_setup.zsh
[4.760s] -- Up-to-date symlink: /home/an/Documents/turtlebot/turtlebot3_ws/install/turtlebot3_lime_teleop/share/turtlebot3_lime_teleop/local_setup.dsv
[4.761s] -- Symlinking: /home/an/Documents/turtlebot/turtlebot3_ws/install/turtlebot3_lime_teleop/share/turtlebot3_lime_teleop/package.dsv
[4.766s] -- Up-to-date symlink: /home/an/Documents/turtlebot/turtlebot3_ws/install/turtlebot3_lime_teleop/share/ament_index/resource_index/packages/turtlebot3_lime_teleop
[4.766s] -- Up-to-date symlink: /home/an/Documents/turtlebot/turtlebot3_ws/install/turtlebot3_lime_teleop/share/turtlebot3_lime_teleop/cmake/turtlebot3_lime_teleopConfig.cmake
[4.766s] -- Up-to-date symlink: /home/an/Documents/turtlebot/turtlebot3_ws/install/turtlebot3_lime_teleop/share/turtlebot3_lime_teleop/cmake/turtlebot3_lime_teleopConfig-version.cmake
[4.766s] -- Up-to-date symlink: /home/an/Documents/turtlebot/turtlebot3_ws/install/turtlebot3_lime_teleop/share/turtlebot3_lime_teleop/package.xml
[4.768s] Invoked command in '/home/an/Documents/turtlebot/turtlebot3_ws/build/turtlebot3_lime_teleop' returned '0': CMAKE_PREFIX_PATH=/home/an/Documents/turtlebot/turtlebot3_ws/install/turtlebot3_lime_moveit_config:/home/an/Documents/turtlebot/turtlebot3_ws/install/turtlebot3_lime_bringup:/home/an/Documents/turtlebot/turtlebot3_ws/install/turtlebot3_lime_description:/home/an/Documents/turtlebot/turtlebot3_ws/install/turtlebot3_lime:/home/an/Documents/turtlebot/turtlebot3_ws/install/turtlebot3_lime_teleop:/home/an/Documents/turtlebot/turtlebot3_ws/install/turtlebot3_lime_navigation2:/home/an/Documents/turtlebot/turtlebot3_ws/install/turtlebot3_lime_hardware:/home/an/Documents/turtlebot/turtlebot3_ws/install/turtlebot3_lime_cartographer:/opt/ros/humble CONDA_PROMPT_MODIFIER=(base) /usr/bin/cmake --install /home/an/Documents/turtlebot/turtlebot3_ws/build/turtlebot3_lime_teleop
