[0.009s] Invoking command in '/home/an/Documents/turtlebot/turtlebot3_ws/build/turtlebot3_lime_hardware': CMAKE_PREFIX_PATH=/opt/ros/humble CONDA_PROMPT_MODIFIER=(base) /usr/bin/cmake /home/an/Documents/turtlebot/turtlebot3_ws/src/turtlebot3_lime/turtlebot3_lime_hardware -DAMENT_CMAKE_SYMLINK_INSTALL=1 -DCMAKE_INSTALL_PREFIX=/home/an/Documents/turtlebot/turtlebot3_ws/install/turtlebot3_lime_hardware
[0.014s] -- Found ament_cmake: 1.3.9 (/opt/ros/humble/share/ament_cmake/cmake)
[0.097s] -- Override CMake install command with custom implementation using symlinks instead of copying resources
[0.101s] -- Found dynamixel_sdk: 3.7.60 (/opt/ros/humble/share/dynamixel_sdk/cmake)
[0.102s] -- Found hardware_interface: 2.41.0 (/opt/ros/humble/share/hardware_interface/cmake)
[0.123s] -- Found rosidl_generator_c: 3.1.5 (/opt/ros/humble/share/rosidl_generator_c/cmake)
[0.124s] -- Found rosidl_adapter: 3.1.5 (/opt/ros/humble/share/rosidl_adapter/cmake)
[0.129s] -- Found rosidl_generator_cpp: 3.1.5 (/opt/ros/humble/share/rosidl_generator_cpp/cmake)
[0.136s] -- Using all available rosidl_typesupport_c: rosidl_typesupport_fastrtps_c;rosidl_typesupport_introspection_c
[0.147s] -- Using all available rosidl_typesupport_cpp: rosidl_typesupport_fastrtps_cpp;rosidl_typesupport_introspection_cpp
[0.590s] -- Found rmw_implementation_cmake: 6.1.2 (/opt/ros/humble/share/rmw_implementation_cmake/cmake)
[0.591s] -- Found rmw_fastrtps_cpp: 6.2.6 (/opt/ros/humble/share/rmw_fastrtps_cpp/cmake)
[0.612s] -- Found TinyXML2 via Config file: TinyXML2_DIR-NOTFOUND
[0.618s] -- Found TinyXML2 via Config file: TinyXML2_DIR-NOTFOUND
[0.635s] -- Found TinyXML2 via Config file: TinyXML2_DIR-NOTFOUND
[0.641s] -- Found TinyXML2 via Config file: TinyXML2_DIR-NOTFOUND
[0.649s] -- Using RMW implementation 'rmw_fastrtps_cpp' as default
[0.863s] -- Configuring done
[0.882s] -- Generating done
[0.883s] -- Build files have been written to: /home/an/Documents/turtlebot/turtlebot3_ws/build/turtlebot3_lime_hardware
[0.889s] Invoked command in '/home/an/Documents/turtlebot/turtlebot3_ws/build/turtlebot3_lime_hardware' returned '0': CMAKE_PREFIX_PATH=/opt/ros/humble CONDA_PROMPT_MODIFIER=(base) /usr/bin/cmake /home/an/Documents/turtlebot/turtlebot3_ws/src/turtlebot3_lime/turtlebot3_lime_hardware -DAMENT_CMAKE_SYMLINK_INSTALL=1 -DCMAKE_INSTALL_PREFIX=/home/an/Documents/turtlebot/turtlebot3_ws/install/turtlebot3_lime_hardware
[0.890s] Invoking command in '/home/an/Documents/turtlebot/turtlebot3_ws/build/turtlebot3_lime_hardware': CMAKE_PREFIX_PATH=/opt/ros/humble CONDA_PROMPT_MODIFIER=(base) /usr/bin/cmake --build /home/an/Documents/turtlebot/turtlebot3_ws/build/turtlebot3_lime_hardware -- -j24 -l24
[0.922s] [ 75%] [32mBuilding CXX object CMakeFiles/turtlebot3_lime_hardware.dir/src/turtlebot3_lime_system.cpp.o[0m
[0.922s] [ 75%] [32mBuilding CXX object CMakeFiles/turtlebot3_lime_hardware.dir/src/dynamixel_sdk_wrapper.cpp.o[0m
[0.922s] [ 75%] [32mBuilding CXX object CMakeFiles/turtlebot3_lime_hardware.dir/src/opencr.cpp.o[0m
[3.310s] [100%] [32m[1mLinking CXX shared library libturtlebot3_lime_hardware.so[0m
[3.435s] [100%] Built target turtlebot3_lime_hardware
[3.442s] Invoked command in '/home/an/Documents/turtlebot/turtlebot3_ws/build/turtlebot3_lime_hardware' returned '0': CMAKE_PREFIX_PATH=/opt/ros/humble CONDA_PROMPT_MODIFIER=(base) /usr/bin/cmake --build /home/an/Documents/turtlebot/turtlebot3_ws/build/turtlebot3_lime_hardware -- -j24 -l24
[3.458s] Invoking command in '/home/an/Documents/turtlebot/turtlebot3_ws/build/turtlebot3_lime_hardware': CMAKE_PREFIX_PATH=/opt/ros/humble CONDA_PROMPT_MODIFIER=(base) /usr/bin/cmake --install /home/an/Documents/turtlebot/turtlebot3_ws/build/turtlebot3_lime_hardware
[3.463s] -- Install configuration: ""
[3.463s] -- Execute custom install script
[3.464s] -- Symlinking: /home/an/Documents/turtlebot/turtlebot3_ws/install/turtlebot3_lime_hardware/share/turtlebot3_lime_hardware//turtlebot3_lime_hardware.xml
[3.469s] -- Symlinking: /home/an/Documents/turtlebot/turtlebot3_ws/install/turtlebot3_lime_hardware/include/turtlebot3_lime_hardware/dynamixel_sdk_wrapper.hpp
[3.475s] -- Symlinking: /home/an/Documents/turtlebot/turtlebot3_ws/install/turtlebot3_lime_hardware/include/turtlebot3_lime_hardware/opencr.hpp
[3.480s] -- Symlinking: /home/an/Documents/turtlebot/turtlebot3_ws/install/turtlebot3_lime_hardware/include/turtlebot3_lime_hardware/opencr_control_table.hpp
[3.485s] -- Symlinking: /home/an/Documents/turtlebot/turtlebot3_ws/install/turtlebot3_lime_hardware/include/turtlebot3_lime_hardware/opencr_definitions.hpp
[3.491s] -- Symlinking: /home/an/Documents/turtlebot/turtlebot3_ws/install/turtlebot3_lime_hardware/include/turtlebot3_lime_hardware/turtlebot3_lime_system.hpp
[3.496s] -- Symlinking: /home/an/Documents/turtlebot/turtlebot3_ws/install/turtlebot3_lime_hardware/include/turtlebot3_lime_hardware/visibility_control.h
[3.501s] -- Symlinking: /home/an/Documents/turtlebot/turtlebot3_ws/install/turtlebot3_lime_hardware/lib/libturtlebot3_lime_hardware.so
[3.506s] -- Symlinking: /home/an/Documents/turtlebot/turtlebot3_ws/install/turtlebot3_lime_hardware/share/turtlebot3_lime_hardware/environment/library_path.sh
[3.512s] -- Symlinking: /home/an/Documents/turtlebot/turtlebot3_ws/install/turtlebot3_lime_hardware/share/turtlebot3_lime_hardware/environment/library_path.dsv
[3.517s] -- Symlinking: /home/an/Documents/turtlebot/turtlebot3_ws/install/turtlebot3_lime_hardware/share/ament_index/resource_index/package_run_dependencies/turtlebot3_lime_hardware
[3.522s] -- Symlinking: /home/an/Documents/turtlebot/turtlebot3_ws/install/turtlebot3_lime_hardware/share/ament_index/resource_index/parent_prefix_path/turtlebot3_lime_hardware
[3.528s] -- Symlinking: /home/an/Documents/turtlebot/turtlebot3_ws/install/turtlebot3_lime_hardware/share/turtlebot3_lime_hardware/environment/ament_prefix_path.sh
[3.533s] -- Symlinking: /home/an/Documents/turtlebot/turtlebot3_ws/install/turtlebot3_lime_hardware/share/turtlebot3_lime_hardware/environment/ament_prefix_path.dsv
[3.538s] -- Symlinking: /home/an/Documents/turtlebot/turtlebot3_ws/install/turtlebot3_lime_hardware/share/turtlebot3_lime_hardware/environment/path.sh
[3.543s] -- Symlinking: /home/an/Documents/turtlebot/turtlebot3_ws/install/turtlebot3_lime_hardware/share/turtlebot3_lime_hardware/environment/path.dsv
[3.548s] -- Symlinking: /home/an/Documents/turtlebot/turtlebot3_ws/install/turtlebot3_lime_hardware/share/turtlebot3_lime_hardware/local_setup.bash
[3.554s] -- Symlinking: /home/an/Documents/turtlebot/turtlebot3_ws/install/turtlebot3_lime_hardware/share/turtlebot3_lime_hardware/local_setup.sh
[3.559s] -- Symlinking: /home/an/Documents/turtlebot/turtlebot3_ws/install/turtlebot3_lime_hardware/share/turtlebot3_lime_hardware/local_setup.zsh
[3.564s] -- Symlinking: /home/an/Documents/turtlebot/turtlebot3_ws/install/turtlebot3_lime_hardware/share/turtlebot3_lime_hardware/local_setup.dsv
[3.569s] -- Symlinking: /home/an/Documents/turtlebot/turtlebot3_ws/install/turtlebot3_lime_hardware/share/turtlebot3_lime_hardware/package.dsv
[3.574s] -- Symlinking: /home/an/Documents/turtlebot/turtlebot3_ws/install/turtlebot3_lime_hardware/share/ament_index/resource_index/packages/turtlebot3_lime_hardware
[3.580s] -- Symlinking: /home/an/Documents/turtlebot/turtlebot3_ws/install/turtlebot3_lime_hardware/share/ament_index/resource_index/hardware_interface__pluginlib__plugin/turtlebot3_lime_hardware
[3.585s] -- Symlinking: /home/an/Documents/turtlebot/turtlebot3_ws/install/turtlebot3_lime_hardware/share/turtlebot3_lime_hardware/cmake/ament_cmake_export_include_directories-extras.cmake
[3.590s] -- Symlinking: /home/an/Documents/turtlebot/turtlebot3_ws/install/turtlebot3_lime_hardware/share/turtlebot3_lime_hardware/cmake/ament_cmake_export_libraries-extras.cmake
[3.596s] -- Symlinking: /home/an/Documents/turtlebot/turtlebot3_ws/install/turtlebot3_lime_hardware/share/turtlebot3_lime_hardware/cmake/ament_cmake_export_dependencies-extras.cmake
[3.601s] -- Symlinking: /home/an/Documents/turtlebot/turtlebot3_ws/install/turtlebot3_lime_hardware/share/turtlebot3_lime_hardware/cmake/turtlebot3_lime_hardwareConfig.cmake
[3.606s] -- Symlinking: /home/an/Documents/turtlebot/turtlebot3_ws/install/turtlebot3_lime_hardware/share/turtlebot3_lime_hardware/cmake/turtlebot3_lime_hardwareConfig-version.cmake
[3.611s] -- Symlinking: /home/an/Documents/turtlebot/turtlebot3_ws/install/turtlebot3_lime_hardware/share/turtlebot3_lime_hardware/package.xml
[3.618s] Invoked command in '/home/an/Documents/turtlebot/turtlebot3_ws/build/turtlebot3_lime_hardware' returned '0': CMAKE_PREFIX_PATH=/opt/ros/humble CONDA_PROMPT_MODIFIER=(base) /usr/bin/cmake --install /home/an/Documents/turtlebot/turtlebot3_ws/build/turtlebot3_lime_hardware
