[0.006s] Invoking command in '/home/an/Documents/turtlebot/turtlebot3_ws/build/turtlebot3_lime_bringup': AMENT_PREFIX_PATH=/home/an/Documents/turtlebot/turtlebot3_ws/install/turtlebot3_lime_description:${AMENT_PREFIX_PATH} CMAKE_PREFIX_PATH=/home/an/Documents/turtlebot/turtlebot3_ws/install/turtlebot3_lime_description:/opt/ros/humble CONDA_PROMPT_MODIFIER=(base) /usr/bin/cmake /home/an/Documents/turtlebot/turtlebot3_ws/src/turtlebot3_lime/turtlebot3_lime_bringup -DAMENT_CMAKE_SYMLINK_INSTALL=1 -DCMAKE_INSTALL_PREFIX=/home/an/Documents/turtlebot/turtlebot3_ws/install/turtlebot3_lime_bringup
[0.039s] -- The C compiler identification is GNU 11.4.0
[0.074s] -- The CXX compiler identification is GNU 11.4.0
[0.079s] -- Detecting C compiler ABI info
[0.122s] -- Detecting C compiler ABI info - done
[0.127s] -- Check for working C compiler: /usr/bin/cc - skipped
[0.127s] -- Detecting C compile features
[0.127s] -- Detecting C compile features - done
[0.129s] -- Detecting CXX compiler ABI info
[0.180s] -- Detecting CXX compiler ABI info - done
[0.185s] -- Check for working CXX compiler: /usr/bin/c++ - skipped
[0.185s] -- Detecting CXX compile features
[0.185s] -- Detecting CXX compile features - done
[0.187s] -- Found ament_cmake: 1.3.9 (/opt/ros/humble/share/ament_cmake/cmake)
[0.418s] -- Found Python3: /home/an/miniconda3/bin/python3 (found version "3.11.4") found components: Interpreter 
[0.462s] -- Override CMake install command with custom implementation using symlinks instead of copying resources
[0.545s] -- Configuring done
[0.546s] -- Generating done
[0.547s] -- Build files have been written to: /home/an/Documents/turtlebot/turtlebot3_ws/build/turtlebot3_lime_bringup
[0.552s] Invoked command in '/home/an/Documents/turtlebot/turtlebot3_ws/build/turtlebot3_lime_bringup' returned '0': AMENT_PREFIX_PATH=/home/an/Documents/turtlebot/turtlebot3_ws/install/turtlebot3_lime_description:${AMENT_PREFIX_PATH} CMAKE_PREFIX_PATH=/home/an/Documents/turtlebot/turtlebot3_ws/install/turtlebot3_lime_description:/opt/ros/humble CONDA_PROMPT_MODIFIER=(base) /usr/bin/cmake /home/an/Documents/turtlebot/turtlebot3_ws/src/turtlebot3_lime/turtlebot3_lime_bringup -DAMENT_CMAKE_SYMLINK_INSTALL=1 -DCMAKE_INSTALL_PREFIX=/home/an/Documents/turtlebot/turtlebot3_ws/install/turtlebot3_lime_bringup
[0.553s] Invoking command in '/home/an/Documents/turtlebot/turtlebot3_ws/build/turtlebot3_lime_bringup': AMENT_PREFIX_PATH=/home/an/Documents/turtlebot/turtlebot3_ws/install/turtlebot3_lime_description:${AMENT_PREFIX_PATH} CMAKE_PREFIX_PATH=/home/an/Documents/turtlebot/turtlebot3_ws/install/turtlebot3_lime_description:/opt/ros/humble CONDA_PROMPT_MODIFIER=(base) /usr/bin/cmake --build /home/an/Documents/turtlebot/turtlebot3_ws/build/turtlebot3_lime_bringup -- -j24 -l24
[0.575s] Invoked command in '/home/an/Documents/turtlebot/turtlebot3_ws/build/turtlebot3_lime_bringup' returned '0': AMENT_PREFIX_PATH=/home/an/Documents/turtlebot/turtlebot3_ws/install/turtlebot3_lime_description:${AMENT_PREFIX_PATH} CMAKE_PREFIX_PATH=/home/an/Documents/turtlebot/turtlebot3_ws/install/turtlebot3_lime_description:/opt/ros/humble CONDA_PROMPT_MODIFIER=(base) /usr/bin/cmake --build /home/an/Documents/turtlebot/turtlebot3_ws/build/turtlebot3_lime_bringup -- -j24 -l24
[0.589s] Invoking command in '/home/an/Documents/turtlebot/turtlebot3_ws/build/turtlebot3_lime_bringup': AMENT_PREFIX_PATH=/home/an/Documents/turtlebot/turtlebot3_ws/install/turtlebot3_lime_description:${AMENT_PREFIX_PATH} CMAKE_PREFIX_PATH=/home/an/Documents/turtlebot/turtlebot3_ws/install/turtlebot3_lime_description:/opt/ros/humble CONDA_PROMPT_MODIFIER=(base) /usr/bin/cmake --install /home/an/Documents/turtlebot/turtlebot3_ws/build/turtlebot3_lime_bringup
[0.594s] -- Install configuration: ""
[0.594s] -- Execute custom install script
[0.594s] -- Symlinking: /home/an/Documents/turtlebot/turtlebot3_ws/install/turtlebot3_lime_bringup/share/turtlebot3_lime_bringup/launch/base.launch.py
[0.600s] -- Symlinking: /home/an/Documents/turtlebot/turtlebot3_ws/install/turtlebot3_lime_bringup/share/turtlebot3_lime_bringup/launch/fake.launch.py
[0.605s] -- Symlinking: /home/an/Documents/turtlebot/turtlebot3_ws/install/turtlebot3_lime_bringup/share/turtlebot3_lime_bringup/launch/gazebo.launch.py
[0.610s] -- Symlinking: /home/an/Documents/turtlebot/turtlebot3_ws/install/turtlebot3_lime_bringup/share/turtlebot3_lime_bringup/launch/hardware.launch.py
[0.615s] -- Symlinking: /home/an/Documents/turtlebot/turtlebot3_ws/install/turtlebot3_lime_bringup/share/turtlebot3_lime_bringup/launch/moveit_navigation.launch.py
[0.621s] -- Symlinking: /home/an/Documents/turtlebot/turtlebot3_ws/install/turtlebot3_lime_bringup/share/turtlebot3_lime_bringup/launch/moveit_navigation_use_sim_time.launch.py
[0.626s] -- Symlinking: /home/an/Documents/turtlebot/turtlebot3_ws/install/turtlebot3_lime_bringup/share/turtlebot3_lime_bringup/config/gazebo_controller_manager.yaml
[0.632s] -- Symlinking: /home/an/Documents/turtlebot/turtlebot3_ws/install/turtlebot3_lime_bringup/share/turtlebot3_lime_bringup/config/hardware_controller_manager.yaml
[0.637s] -- Symlinking: /home/an/Documents/turtlebot/turtlebot3_ws/install/turtlebot3_lime_bringup/share/turtlebot3_lime_bringup/rviz/turtlebot3_manipulation.rviz
[0.643s] -- Symlinking: /home/an/Documents/turtlebot/turtlebot3_ws/install/turtlebot3_lime_bringup/share/turtlebot3_lime_bringup/worlds/empty_world.model
[0.648s] -- Symlinking: /home/an/Documents/turtlebot/turtlebot3_ws/install/turtlebot3_lime_bringup/share/turtlebot3_lime_bringup/worlds/turtlebot3_world.model
[0.654s] -- Symlinking: /home/an/Documents/turtlebot/turtlebot3_ws/install/turtlebot3_lime_bringup/share/turtlebot3_lime_bringup/worlds/turtlebot3_world/meshes/hexagon.dae
[0.659s] -- Symlinking: /home/an/Documents/turtlebot/turtlebot3_ws/install/turtlebot3_lime_bringup/share/turtlebot3_lime_bringup/worlds/turtlebot3_world/meshes/wall.dae
[0.665s] -- Symlinking: /home/an/Documents/turtlebot/turtlebot3_ws/install/turtlebot3_lime_bringup/share/turtlebot3_lime_bringup/worlds/turtlebot3_world/model-1_4.sdf
[0.670s] -- Symlinking: /home/an/Documents/turtlebot/turtlebot3_ws/install/turtlebot3_lime_bringup/share/turtlebot3_lime_bringup/worlds/turtlebot3_world/model.config
[0.675s] -- Symlinking: /home/an/Documents/turtlebot/turtlebot3_ws/install/turtlebot3_lime_bringup/share/turtlebot3_lime_bringup/worlds/turtlebot3_world/model.sdf
[0.681s] -- Symlinking: /home/an/Documents/turtlebot/turtlebot3_ws/install/turtlebot3_lime_bringup/share/turtlebot3_lime_bringup/environment/turtlebot3_lime_bringup.dsv
[0.686s] -- Symlinking: /home/an/Documents/turtlebot/turtlebot3_ws/install/turtlebot3_lime_bringup/share/ament_index/resource_index/package_run_dependencies/turtlebot3_lime_bringup
[0.691s] -- Symlinking: /home/an/Documents/turtlebot/turtlebot3_ws/install/turtlebot3_lime_bringup/share/ament_index/resource_index/parent_prefix_path/turtlebot3_lime_bringup
[0.697s] -- Symlinking: /home/an/Documents/turtlebot/turtlebot3_ws/install/turtlebot3_lime_bringup/share/turtlebot3_lime_bringup/environment/ament_prefix_path.sh
[0.703s] -- Symlinking: /home/an/Documents/turtlebot/turtlebot3_ws/install/turtlebot3_lime_bringup/share/turtlebot3_lime_bringup/environment/ament_prefix_path.dsv
[0.709s] -- Symlinking: /home/an/Documents/turtlebot/turtlebot3_ws/install/turtlebot3_lime_bringup/share/turtlebot3_lime_bringup/environment/path.sh
[0.714s] -- Symlinking: /home/an/Documents/turtlebot/turtlebot3_ws/install/turtlebot3_lime_bringup/share/turtlebot3_lime_bringup/environment/path.dsv
[0.720s] -- Symlinking: /home/an/Documents/turtlebot/turtlebot3_ws/install/turtlebot3_lime_bringup/share/turtlebot3_lime_bringup/local_setup.bash
[0.725s] -- Symlinking: /home/an/Documents/turtlebot/turtlebot3_ws/install/turtlebot3_lime_bringup/share/turtlebot3_lime_bringup/local_setup.sh
[0.731s] -- Symlinking: /home/an/Documents/turtlebot/turtlebot3_ws/install/turtlebot3_lime_bringup/share/turtlebot3_lime_bringup/local_setup.zsh
[0.736s] -- Symlinking: /home/an/Documents/turtlebot/turtlebot3_ws/install/turtlebot3_lime_bringup/share/turtlebot3_lime_bringup/local_setup.dsv
[0.741s] -- Symlinking: /home/an/Documents/turtlebot/turtlebot3_ws/install/turtlebot3_lime_bringup/share/turtlebot3_lime_bringup/package.dsv
[0.749s] -- Symlinking: /home/an/Documents/turtlebot/turtlebot3_ws/install/turtlebot3_lime_bringup/share/ament_index/resource_index/packages/turtlebot3_lime_bringup
[0.754s] -- Symlinking: /home/an/Documents/turtlebot/turtlebot3_ws/install/turtlebot3_lime_bringup/share/turtlebot3_lime_bringup/cmake/turtlebot3_lime_bringupConfig.cmake
[0.759s] -- Symlinking: /home/an/Documents/turtlebot/turtlebot3_ws/install/turtlebot3_lime_bringup/share/turtlebot3_lime_bringup/cmake/turtlebot3_lime_bringupConfig-version.cmake
[0.763s] -- Symlinking: /home/an/Documents/turtlebot/turtlebot3_ws/install/turtlebot3_lime_bringup/share/turtlebot3_lime_bringup/package.xml
[0.770s] Invoked command in '/home/an/Documents/turtlebot/turtlebot3_ws/build/turtlebot3_lime_bringup' returned '0': AMENT_PREFIX_PATH=/home/an/Documents/turtlebot/turtlebot3_ws/install/turtlebot3_lime_description:${AMENT_PREFIX_PATH} CMAKE_PREFIX_PATH=/home/an/Documents/turtlebot/turtlebot3_ws/install/turtlebot3_lime_description:/opt/ros/humble CONDA_PROMPT_MODIFIER=(base) /usr/bin/cmake --install /home/an/Documents/turtlebot/turtlebot3_ws/build/turtlebot3_lime_bringup
