[0.008s] Invoking command in '/home/an/Documents/turtlebot/turtlebot3_ws/build/turtlebot3_lime_teleop': CMAKE_PREFIX_PATH=/home/an/Documents/turtlebot/turtlebot3_ws/install/turtlebot3_lime_moveit_config:/home/an/Documents/turtlebot/turtlebot3_ws/install/turtlebot3_lime_bringup:/home/an/Documents/turtlebot/turtlebot3_ws/install/turtlebot3_lime_description:/home/an/Documents/turtlebot/turtlebot3_ws/install/turtlebot3_lime:/home/an/Documents/turtlebot/turtlebot3_ws/install/turtlebot3_lime_teleop:/home/an/Documents/turtlebot/turtlebot3_ws/install/turtlebot3_lime_navigation2:/home/an/Documents/turtlebot/turtlebot3_ws/install/turtlebot3_lime_hardware:/home/an/Documents/turtlebot/turtlebot3_ws/install/turtlebot3_lime_cartographer:/opt/ros/humble CONDA_PROMPT_MODIFIER=(base) /usr/bin/cmake --build /home/an/Documents/turtlebot/turtlebot3_ws/build/turtlebot3_lime_teleop -- -j24 -l24
[0.044s] [100%] Built target turtlebot3_lime_teleop
[0.051s] Invoked command in '/home/an/Documents/turtlebot/turtlebot3_ws/build/turtlebot3_lime_teleop' returned '0': CMAKE_PREFIX_PATH=/home/an/Documents/turtlebot/turtlebot3_ws/install/turtlebot3_lime_moveit_config:/home/an/Documents/turtlebot/turtlebot3_ws/install/turtlebot3_lime_bringup:/home/an/Documents/turtlebot/turtlebot3_ws/install/turtlebot3_lime_description:/home/an/Documents/turtlebot/turtlebot3_ws/install/turtlebot3_lime:/home/an/Documents/turtlebot/turtlebot3_ws/install/turtlebot3_lime_teleop:/home/an/Documents/turtlebot/turtlebot3_ws/install/turtlebot3_lime_navigation2:/home/an/Documents/turtlebot/turtlebot3_ws/install/turtlebot3_lime_hardware:/home/an/Documents/turtlebot/turtlebot3_ws/install/turtlebot3_lime_cartographer:/opt/ros/humble CONDA_PROMPT_MODIFIER=(base) /usr/bin/cmake --build /home/an/Documents/turtlebot/turtlebot3_ws/build/turtlebot3_lime_teleop -- -j24 -l24
[0.067s] Invoking command in '/home/an/Documents/turtlebot/turtlebot3_ws/build/turtlebot3_lime_teleop': CMAKE_PREFIX_PATH=/home/an/Documents/turtlebot/turtlebot3_ws/install/turtlebot3_lime_moveit_config:/home/an/Documents/turtlebot/turtlebot3_ws/install/turtlebot3_lime_bringup:/home/an/Documents/turtlebot/turtlebot3_ws/install/turtlebot3_lime_description:/home/an/Documents/turtlebot/turtlebot3_ws/install/turtlebot3_lime:/home/an/Documents/turtlebot/turtlebot3_ws/install/turtlebot3_lime_teleop:/home/an/Documents/turtlebot/turtlebot3_ws/install/turtlebot3_lime_navigation2:/home/an/Documents/turtlebot/turtlebot3_ws/install/turtlebot3_lime_hardware:/home/an/Documents/turtlebot/turtlebot3_ws/install/turtlebot3_lime_cartographer:/opt/ros/humble CONDA_PROMPT_MODIFIER=(base) /usr/bin/cmake --install /home/an/Documents/turtlebot/turtlebot3_ws/build/turtlebot3_lime_teleop
[0.071s] -- Install configuration: ""
[0.072s] -- Execute custom install script
[0.072s] -- Up-to-date symlink: /home/an/Documents/turtlebot/turtlebot3_ws/install/turtlebot3_lime_teleop/lib/turtlebot3_lime_teleop/turtlebot3_lime_teleop
[0.072s] -- Up-to-date symlink: /home/an/Documents/turtlebot/turtlebot3_ws/install/turtlebot3_lime_teleop/share/ament_index/resource_index/package_run_dependencies/turtlebot3_lime_teleop
[0.072s] -- Up-to-date symlink: /home/an/Documents/turtlebot/turtlebot3_ws/install/turtlebot3_lime_teleop/share/ament_index/resource_index/parent_prefix_path/turtlebot3_lime_teleop
[0.072s] -- Up-to-date symlink: /home/an/Documents/turtlebot/turtlebot3_ws/install/turtlebot3_lime_teleop/share/turtlebot3_lime_teleop/environment/ament_prefix_path.sh
[0.072s] -- Up-to-date symlink: /home/an/Documents/turtlebot/turtlebot3_ws/install/turtlebot3_lime_teleop/share/turtlebot3_lime_teleop/environment/ament_prefix_path.dsv
[0.072s] -- Up-to-date symlink: /home/an/Documents/turtlebot/turtlebot3_ws/install/turtlebot3_lime_teleop/share/turtlebot3_lime_teleop/environment/path.sh
[0.073s] -- Up-to-date symlink: /home/an/Documents/turtlebot/turtlebot3_ws/install/turtlebot3_lime_teleop/share/turtlebot3_lime_teleop/environment/path.dsv
[0.073s] -- Up-to-date symlink: /home/an/Documents/turtlebot/turtlebot3_ws/install/turtlebot3_lime_teleop/share/turtlebot3_lime_teleop/local_setup.bash
[0.073s] -- Up-to-date symlink: /home/an/Documents/turtlebot/turtlebot3_ws/install/turtlebot3_lime_teleop/share/turtlebot3_lime_teleop/local_setup.sh
[0.073s] -- Up-to-date symlink: /home/an/Documents/turtlebot/turtlebot3_ws/install/turtlebot3_lime_teleop/share/turtlebot3_lime_teleop/local_setup.zsh
[0.073s] -- Up-to-date symlink: /home/an/Documents/turtlebot/turtlebot3_ws/install/turtlebot3_lime_teleop/share/turtlebot3_lime_teleop/local_setup.dsv
[0.073s] -- Symlinking: /home/an/Documents/turtlebot/turtlebot3_ws/install/turtlebot3_lime_teleop/share/turtlebot3_lime_teleop/package.dsv
[0.079s] -- Up-to-date symlink: /home/an/Documents/turtlebot/turtlebot3_ws/install/turtlebot3_lime_teleop/share/ament_index/resource_index/packages/turtlebot3_lime_teleop
[0.079s] -- Up-to-date symlink: /home/an/Documents/turtlebot/turtlebot3_ws/install/turtlebot3_lime_teleop/share/turtlebot3_lime_teleop/cmake/turtlebot3_lime_teleopConfig.cmake
[0.079s] -- Up-to-date symlink: /home/an/Documents/turtlebot/turtlebot3_ws/install/turtlebot3_lime_teleop/share/turtlebot3_lime_teleop/cmake/turtlebot3_lime_teleopConfig-version.cmake
[0.079s] -- Up-to-date symlink: /home/an/Documents/turtlebot/turtlebot3_ws/install/turtlebot3_lime_teleop/share/turtlebot3_lime_teleop/package.xml
[0.080s] Invoked command in '/home/an/Documents/turtlebot/turtlebot3_ws/build/turtlebot3_lime_teleop' returned '0': CMAKE_PREFIX_PATH=/home/an/Documents/turtlebot/turtlebot3_ws/install/turtlebot3_lime_moveit_config:/home/an/Documents/turtlebot/turtlebot3_ws/install/turtlebot3_lime_bringup:/home/an/Documents/turtlebot/turtlebot3_ws/install/turtlebot3_lime_description:/home/an/Documents/turtlebot/turtlebot3_ws/install/turtlebot3_lime:/home/an/Documents/turtlebot/turtlebot3_ws/install/turtlebot3_lime_teleop:/home/an/Documents/turtlebot/turtlebot3_ws/install/turtlebot3_lime_navigation2:/home/an/Documents/turtlebot/turtlebot3_ws/install/turtlebot3_lime_hardware:/home/an/Documents/turtlebot/turtlebot3_ws/install/turtlebot3_lime_cartographer:/opt/ros/humble CONDA_PROMPT_MODIFIER=(base) /usr/bin/cmake --install /home/an/Documents/turtlebot/turtlebot3_ws/build/turtlebot3_lime_teleop
