[0.013s] Invoking command in '/home/an/Documents/turtlebot/turtlebot3_ws/build/turtlebot3_lime_hardware': CMAKE_PREFIX_PATH=${CMAKE_PREFIX_PATH}:/opt/ros/humble CONDA_PROMPT_MODIFIER=(base) /usr/bin/cmake --build /home/an/Documents/turtlebot/turtlebot3_ws/build/turtlebot3_lime_hardware -- -j24 -l24
[0.028s] -- Found ament_cmake: 1.3.10 (/opt/ros/humble/share/ament_cmake/cmake)
[0.110s] -- Override CMake install command with custom implementation using symlinks instead of copying resources
[0.115s] -- Found dynamixel_sdk: 3.7.60 (/opt/ros/humble/share/dynamixel_sdk/cmake)
[0.117s] -- Found hardware_interface: 2.43.0 (/opt/ros/humble/share/hardware_interface/cmake)
[0.138s] -- Found rosidl_generator_c: 3.1.5 (/opt/ros/humble/share/rosidl_generator_c/cmake)
[0.139s] -- Found rosidl_adapter: 3.1.5 (/opt/ros/humble/share/rosidl_adapter/cmake)
[0.143s] -- Found rosidl_generator_cpp: 3.1.5 (/opt/ros/humble/share/rosidl_generator_cpp/cmake)
[0.151s] -- Using all available rosidl_typesupport_c: rosidl_typesupport_fastrtps_c;rosidl_typesupport_introspection_c
[0.160s] -- Using all available rosidl_typesupport_cpp: rosidl_typesupport_fastrtps_cpp;rosidl_typesupport_introspection_cpp
[0.295s] -- Found rmw_implementation_cmake: 6.1.2 (/opt/ros/humble/share/rmw_implementation_cmake/cmake)
[0.295s] -- Found rmw_fastrtps_cpp: 6.2.7 (/opt/ros/humble/share/rmw_fastrtps_cpp/cmake)
[0.310s] -- Found TinyXML2 via Config file: TinyXML2_DIR-NOTFOUND
[0.317s] -- Found TinyXML2 via Config file: TinyXML2_DIR-NOTFOUND
[0.331s] -- Found TinyXML2 via Config file: TinyXML2_DIR-NOTFOUND
[0.337s] -- Found TinyXML2 via Config file: TinyXML2_DIR-NOTFOUND
[0.345s] -- Using RMW implementation 'rmw_fastrtps_cpp' as default
[0.454s] -- Configuring done
[0.485s] -- Generating done
[0.487s] -- Build files have been written to: /home/an/Documents/turtlebot/turtlebot3_ws/build/turtlebot3_lime_hardware
[0.510s] [35m[1mConsolidate compiler generated dependencies of target turtlebot3_lime_hardware[0m
[0.525s] [ 50%] [32mBuilding CXX object CMakeFiles/turtlebot3_lime_hardware.dir/src/dynamixel_sdk_wrapper.cpp.o[0m
[0.525s] [ 50%] [32mBuilding CXX object CMakeFiles/turtlebot3_lime_hardware.dir/src/opencr.cpp.o[0m
[0.532s] [ 75%] [32mBuilding CXX object CMakeFiles/turtlebot3_lime_hardware.dir/src/turtlebot3_lime_system.cpp.o[0m
[2.960s] [100%] [32m[1mLinking CXX shared library libturtlebot3_lime_hardware.so[0m
[3.085s] [100%] Built target turtlebot3_lime_hardware
[3.092s] Invoked command in '/home/an/Documents/turtlebot/turtlebot3_ws/build/turtlebot3_lime_hardware' returned '0': CMAKE_PREFIX_PATH=${CMAKE_PREFIX_PATH}:/opt/ros/humble CONDA_PROMPT_MODIFIER=(base) /usr/bin/cmake --build /home/an/Documents/turtlebot/turtlebot3_ws/build/turtlebot3_lime_hardware -- -j24 -l24
[3.109s] Invoking command in '/home/an/Documents/turtlebot/turtlebot3_ws/build/turtlebot3_lime_hardware': CMAKE_PREFIX_PATH=${CMAKE_PREFIX_PATH}:/opt/ros/humble CONDA_PROMPT_MODIFIER=(base) /usr/bin/cmake --install /home/an/Documents/turtlebot/turtlebot3_ws/build/turtlebot3_lime_hardware
[3.114s] -- Install configuration: ""
[3.115s] -- Execute custom install script
[3.115s] -- Up-to-date symlink: /home/an/Documents/turtlebot/turtlebot3_ws/install/turtlebot3_lime_hardware/share/turtlebot3_lime_hardware//turtlebot3_lime_hardware.xml
[3.115s] -- Up-to-date symlink: /home/an/Documents/turtlebot/turtlebot3_ws/install/turtlebot3_lime_hardware/include/turtlebot3_lime_hardware/dynamixel_sdk_wrapper.hpp
[3.115s] -- Up-to-date symlink: /home/an/Documents/turtlebot/turtlebot3_ws/install/turtlebot3_lime_hardware/include/turtlebot3_lime_hardware/opencr.hpp
[3.115s] -- Up-to-date symlink: /home/an/Documents/turtlebot/turtlebot3_ws/install/turtlebot3_lime_hardware/include/turtlebot3_lime_hardware/opencr_control_table.hpp
[3.115s] -- Up-to-date symlink: /home/an/Documents/turtlebot/turtlebot3_ws/install/turtlebot3_lime_hardware/include/turtlebot3_lime_hardware/opencr_definitions.hpp
[3.116s] -- Up-to-date symlink: /home/an/Documents/turtlebot/turtlebot3_ws/install/turtlebot3_lime_hardware/include/turtlebot3_lime_hardware/turtlebot3_lime_system.hpp
[3.116s] -- Up-to-date symlink: /home/an/Documents/turtlebot/turtlebot3_ws/install/turtlebot3_lime_hardware/include/turtlebot3_lime_hardware/visibility_control.h
[3.116s] -- Up-to-date symlink: /home/an/Documents/turtlebot/turtlebot3_ws/install/turtlebot3_lime_hardware/lib/libturtlebot3_lime_hardware.so
[3.116s] -- Up-to-date symlink: /home/an/Documents/turtlebot/turtlebot3_ws/install/turtlebot3_lime_hardware/share/turtlebot3_lime_hardware/environment/library_path.sh
[3.116s] -- Up-to-date symlink: /home/an/Documents/turtlebot/turtlebot3_ws/install/turtlebot3_lime_hardware/share/turtlebot3_lime_hardware/environment/library_path.dsv
[3.116s] -- Up-to-date symlink: /home/an/Documents/turtlebot/turtlebot3_ws/install/turtlebot3_lime_hardware/share/ament_index/resource_index/package_run_dependencies/turtlebot3_lime_hardware
[3.116s] -- Up-to-date symlink: /home/an/Documents/turtlebot/turtlebot3_ws/install/turtlebot3_lime_hardware/share/ament_index/resource_index/parent_prefix_path/turtlebot3_lime_hardware
[3.116s] -- Up-to-date symlink: /home/an/Documents/turtlebot/turtlebot3_ws/install/turtlebot3_lime_hardware/share/turtlebot3_lime_hardware/environment/ament_prefix_path.sh
[3.117s] -- Up-to-date symlink: /home/an/Documents/turtlebot/turtlebot3_ws/install/turtlebot3_lime_hardware/share/turtlebot3_lime_hardware/environment/ament_prefix_path.dsv
[3.117s] -- Up-to-date symlink: /home/an/Documents/turtlebot/turtlebot3_ws/install/turtlebot3_lime_hardware/share/turtlebot3_lime_hardware/environment/path.sh
[3.117s] -- Up-to-date symlink: /home/an/Documents/turtlebot/turtlebot3_ws/install/turtlebot3_lime_hardware/share/turtlebot3_lime_hardware/environment/path.dsv
[3.117s] -- Up-to-date symlink: /home/an/Documents/turtlebot/turtlebot3_ws/install/turtlebot3_lime_hardware/share/turtlebot3_lime_hardware/local_setup.bash
[3.117s] -- Up-to-date symlink: /home/an/Documents/turtlebot/turtlebot3_ws/install/turtlebot3_lime_hardware/share/turtlebot3_lime_hardware/local_setup.sh
[3.117s] -- Up-to-date symlink: /home/an/Documents/turtlebot/turtlebot3_ws/install/turtlebot3_lime_hardware/share/turtlebot3_lime_hardware/local_setup.zsh
[3.117s] -- Up-to-date symlink: /home/an/Documents/turtlebot/turtlebot3_ws/install/turtlebot3_lime_hardware/share/turtlebot3_lime_hardware/local_setup.dsv
[3.117s] -- Symlinking: /home/an/Documents/turtlebot/turtlebot3_ws/install/turtlebot3_lime_hardware/share/turtlebot3_lime_hardware/package.dsv
[3.124s] -- Up-to-date symlink: /home/an/Documents/turtlebot/turtlebot3_ws/install/turtlebot3_lime_hardware/share/ament_index/resource_index/packages/turtlebot3_lime_hardware
[3.124s] -- Up-to-date symlink: /home/an/Documents/turtlebot/turtlebot3_ws/install/turtlebot3_lime_hardware/share/ament_index/resource_index/hardware_interface__pluginlib__plugin/turtlebot3_lime_hardware
[3.124s] -- Up-to-date symlink: /home/an/Documents/turtlebot/turtlebot3_ws/install/turtlebot3_lime_hardware/share/turtlebot3_lime_hardware/cmake/ament_cmake_export_include_directories-extras.cmake
[3.124s] -- Up-to-date symlink: /home/an/Documents/turtlebot/turtlebot3_ws/install/turtlebot3_lime_hardware/share/turtlebot3_lime_hardware/cmake/ament_cmake_export_libraries-extras.cmake
[3.124s] -- Up-to-date symlink: /home/an/Documents/turtlebot/turtlebot3_ws/install/turtlebot3_lime_hardware/share/turtlebot3_lime_hardware/cmake/ament_cmake_export_dependencies-extras.cmake
[3.124s] -- Up-to-date symlink: /home/an/Documents/turtlebot/turtlebot3_ws/install/turtlebot3_lime_hardware/share/turtlebot3_lime_hardware/cmake/turtlebot3_lime_hardwareConfig.cmake
[3.124s] -- Up-to-date symlink: /home/an/Documents/turtlebot/turtlebot3_ws/install/turtlebot3_lime_hardware/share/turtlebot3_lime_hardware/cmake/turtlebot3_lime_hardwareConfig-version.cmake
[3.124s] -- Up-to-date symlink: /home/an/Documents/turtlebot/turtlebot3_ws/install/turtlebot3_lime_hardware/share/turtlebot3_lime_hardware/package.xml
[3.126s] Invoked command in '/home/an/Documents/turtlebot/turtlebot3_ws/build/turtlebot3_lime_hardware' returned '0': CMAKE_PREFIX_PATH=${CMAKE_PREFIX_PATH}:/opt/ros/humble CONDA_PROMPT_MODIFIER=(base) /usr/bin/cmake --install /home/an/Documents/turtlebot/turtlebot3_ws/build/turtlebot3_lime_hardware
