-- Install configuration: ""
-- Execute custom install script
-- Up-to-date symlink: /home/an/Documents/turtlebot/turtlebot3_ws/install/turtlebot3_lime_bringup/share/turtlebot3_lime_bringup/launch/base.launch.py
-- Up-to-date symlink: /home/an/Documents/turtlebot/turtlebot3_ws/install/turtlebot3_lime_bringup/share/turtlebot3_lime_bringup/launch/fake.launch.py
-- Up-to-date symlink: /home/an/Documents/turtlebot/turtlebot3_ws/install/turtlebot3_lime_bringup/share/turtlebot3_lime_bringup/launch/gazebo.launch.py
-- Up-to-date symlink: /home/an/Documents/turtlebot/turtlebot3_ws/install/turtlebot3_lime_bringup/share/turtlebot3_lime_bringup/launch/hardware.launch.py
-- Up-to-date symlink: /home/an/Documents/turtlebot/turtlebot3_ws/install/turtlebot3_lime_bringup/share/turtlebot3_lime_bringup/launch/moveit_navigation.launch.py
-- Up-to-date symlink: /home/an/Documents/turtlebot/turtlebot3_ws/install/turtlebot3_lime_bringup/share/turtlebot3_lime_bringup/launch/moveit_navigation_use_sim_time.launch.py
-- Up-to-date symlink: /home/an/Documents/turtlebot/turtlebot3_ws/install/turtlebot3_lime_bringup/share/turtlebot3_lime_bringup/config/gazebo_controller_manager.yaml
-- Up-to-date symlink: /home/an/Documents/turtlebot/turtlebot3_ws/install/turtlebot3_lime_bringup/share/turtlebot3_lime_bringup/config/hardware_controller_manager.yaml
-- Up-to-date symlink: /home/an/Documents/turtlebot/turtlebot3_ws/install/turtlebot3_lime_bringup/share/turtlebot3_lime_bringup/rviz/turtlebot3_manipulation.rviz
-- Up-to-date symlink: /home/an/Documents/turtlebot/turtlebot3_ws/install/turtlebot3_lime_bringup/share/turtlebot3_lime_bringup/worlds/empty_world.model
-- Up-to-date symlink: /home/an/Documents/turtlebot/turtlebot3_ws/install/turtlebot3_lime_bringup/share/turtlebot3_lime_bringup/worlds/turtlebot3_world.model
-- Up-to-date symlink: /home/an/Documents/turtlebot/turtlebot3_ws/install/turtlebot3_lime_bringup/share/turtlebot3_lime_bringup/worlds/turtlebot3_world/meshes/hexagon.dae
-- Up-to-date symlink: /home/an/Documents/turtlebot/turtlebot3_ws/install/turtlebot3_lime_bringup/share/turtlebot3_lime_bringup/worlds/turtlebot3_world/meshes/wall.dae
-- Up-to-date symlink: /home/an/Documents/turtlebot/turtlebot3_ws/install/turtlebot3_lime_bringup/share/turtlebot3_lime_bringup/worlds/turtlebot3_world/model-1_4.sdf
-- Up-to-date symlink: /home/an/Documents/turtlebot/turtlebot3_ws/install/turtlebot3_lime_bringup/share/turtlebot3_lime_bringup/worlds/turtlebot3_world/model.config
-- Up-to-date symlink: /home/an/Documents/turtlebot/turtlebot3_ws/install/turtlebot3_lime_bringup/share/turtlebot3_lime_bringup/worlds/turtlebot3_world/model.sdf
-- Up-to-date symlink: /home/an/Documents/turtlebot/turtlebot3_ws/install/turtlebot3_lime_bringup/share/turtlebot3_lime_bringup/environment/turtlebot3_lime_bringup.dsv
-- Up-to-date symlink: /home/an/Documents/turtlebot/turtlebot3_ws/install/turtlebot3_lime_bringup/share/ament_index/resource_index/package_run_dependencies/turtlebot3_lime_bringup
-- Up-to-date symlink: /home/an/Documents/turtlebot/turtlebot3_ws/install/turtlebot3_lime_bringup/share/ament_index/resource_index/parent_prefix_path/turtlebot3_lime_bringup
-- Up-to-date symlink: /home/an/Documents/turtlebot/turtlebot3_ws/install/turtlebot3_lime_bringup/share/turtlebot3_lime_bringup/environment/ament_prefix_path.sh
-- Up-to-date symlink: /home/an/Documents/turtlebot/turtlebot3_ws/install/turtlebot3_lime_bringup/share/turtlebot3_lime_bringup/environment/ament_prefix_path.dsv
-- Up-to-date symlink: /home/an/Documents/turtlebot/turtlebot3_ws/install/turtlebot3_lime_bringup/share/turtlebot3_lime_bringup/environment/path.sh
-- Up-to-date symlink: /home/an/Documents/turtlebot/turtlebot3_ws/install/turtlebot3_lime_bringup/share/turtlebot3_lime_bringup/environment/path.dsv
-- Up-to-date symlink: /home/an/Documents/turtlebot/turtlebot3_ws/install/turtlebot3_lime_bringup/share/turtlebot3_lime_bringup/local_setup.bash
-- Up-to-date symlink: /home/an/Documents/turtlebot/turtlebot3_ws/install/turtlebot3_lime_bringup/share/turtlebot3_lime_bringup/local_setup.sh
-- Up-to-date symlink: /home/an/Documents/turtlebot/turtlebot3_ws/install/turtlebot3_lime_bringup/share/turtlebot3_lime_bringup/local_setup.zsh
-- Up-to-date symlink: /home/an/Documents/turtlebot/turtlebot3_ws/install/turtlebot3_lime_bringup/share/turtlebot3_lime_bringup/local_setup.dsv
-- Symlinking: /home/an/Documents/turtlebot/turtlebot3_ws/install/turtlebot3_lime_bringup/share/turtlebot3_lime_bringup/package.dsv
-- Up-to-date symlink: /home/an/Documents/turtlebot/turtlebot3_ws/install/turtlebot3_lime_bringup/share/ament_index/resource_index/packages/turtlebot3_lime_bringup
-- Up-to-date symlink: /home/an/Documents/turtlebot/turtlebot3_ws/install/turtlebot3_lime_bringup/share/turtlebot3_lime_bringup/cmake/turtlebot3_lime_bringupConfig.cmake
-- Up-to-date symlink: /home/an/Documents/turtlebot/turtlebot3_ws/install/turtlebot3_lime_bringup/share/turtlebot3_lime_bringup/cmake/turtlebot3_lime_bringupConfig-version.cmake
-- Up-to-date symlink: /home/an/Documents/turtlebot/turtlebot3_ws/install/turtlebot3_lime_bringup/share/turtlebot3_lime_bringup/package.xml
